/home/susan/.local/lib/python3.10/site-packages/setuptools/_distutils/dist.py:289: UserWarning: Unknown distribution option: 'tests_require'
  warnings.warn(msg)
running develop
running egg_info
writing vl53l8cx_ros.egg-info/PKG-INFO
writing dependency_links to vl53l8cx_ros.egg-info/dependency_links.txt
writing entry points to vl53l8cx_ros.egg-info/entry_points.txt
writing requirements to vl53l8cx_ros.egg-info/requires.txt
writing top-level names to vl53l8cx_ros.egg-info/top_level.txt
reading manifest file 'vl53l8cx_ros.egg-info/SOURCES.txt'
writing manifest file 'vl53l8cx_ros.egg-info/SOURCES.txt'
running build_ext
Creating /home/susan/osprey_ws/install/vl53l8cx_ros/lib/python3.10/site-packages/vl53l8cx-ros.egg-link (link to .)
Installing depth_point_each script to /home/susan/osprey_ws/install/vl53l8cx_ros/lib/vl53l8cx_ros
Installing fused_sensors script to /home/susan/osprey_ws/install/vl53l8cx_ros/lib/vl53l8cx_ros
Installing px4_fused_sensors script to /home/susan/osprey_ws/install/vl53l8cx_ros/lib/vl53l8cx_ros
Installing sensor_each_pointcloud script to /home/susan/osprey_ws/install/vl53l8cx_ros/lib/vl53l8cx_ros
Installing vehicle_odom_to_nav_odom script to /home/susan/osprey_ws/install/vl53l8cx_ros/lib/vl53l8cx_ros
Installing vl53l8cx_pointcloud script to /home/susan/osprey_ws/install/vl53l8cx_ros/lib/vl53l8cx_ros
Installing yaw_spin script to /home/susan/osprey_ws/install/vl53l8cx_ros/lib/vl53l8cx_ros

Installed /home/susan/osprey_ws/build/vl53l8cx_ros
running symlink_data
