[0.176s] DEBUG:colcon:Command line arguments: ['/usr/bin/colcon', 'build']
[0.176s] DEBUG:colcon:Parsed command line arguments: Namespace(log_base=None, log_level=None, verb_name='build', build_base='build', install_base='install', merge_install=False, symlink_install=False, test_result_base=None, continue_on_error=False, executor='parallel', parallel_workers=16, event_handlers=None, ignore_user_meta=False, metas=['./colcon.meta'], base_paths=['.'], packages_ignore=None, packages_ignore_regex=None, paths=None, packages_up_to=None, packages_up_to_regex=None, packages_above=None, packages_above_and_dependencies=None, packages_above_depth=None, packages_select_by_dep=None, packages_skip_by_dep=None, packages_skip_up_to=None, packages_select_build_failed=False, packages_skip_build_finished=False, packages_select_test_failures=False, packages_skip_test_passed=False, packages_select=None, packages_skip=None, packages_select_regex=None, packages_skip_regex=None, packages_start=None, packages_end=None, allow_overriding=[], cmake_args=None, cmake_target=None, cmake_target_skip_unavailable=False, cmake_clean_cache=False, cmake_clean_first=False, cmake_force_configure=False, ament_cmake_args=None, catkin_cmake_args=None, catkin_skip_building_tests=False, verb_parser=<colcon_defaults.argument_parser.defaults.DefaultArgumentsDecorator object at 0x7b15b8d620b0>, verb_extension=<colcon_core.verb.build.BuildVerb object at 0x7b15b8d61b40>, main=<bound method BuildVerb.main of <colcon_core.verb.build.BuildVerb object at 0x7b15b8d61b40>>)
[0.248s] Level 1:colcon.colcon_core.package_discovery:discover_packages(colcon_meta) check parameters
[0.248s] Level 1:colcon.colcon_core.package_discovery:discover_packages(recursive) check parameters
[0.248s] Level 1:colcon.colcon_core.package_discovery:discover_packages(ignore) check parameters
[0.248s] Level 1:colcon.colcon_core.package_discovery:discover_packages(path) check parameters
[0.248s] Level 1:colcon.colcon_core.package_discovery:discover_packages(colcon_meta) discover
[0.248s] Level 1:colcon.colcon_core.package_discovery:discover_packages(recursive) discover
[0.249s] INFO:colcon.colcon_core.package_discovery:Crawling recursively for packages in '/home/susan/osprey_ws'
[0.249s] Level 1:colcon.colcon_core.package_identification:_identify(.) by extensions ['ignore', 'ignore_ament_install']
[0.249s] Level 1:colcon.colcon_core.package_identification:_identify(.) by extension 'ignore'
[0.249s] Level 1:colcon.colcon_core.package_identification:_identify(.) by extension 'ignore_ament_install'
[0.249s] Level 1:colcon.colcon_core.package_identification:_identify(.) by extensions ['colcon_pkg']
[0.249s] Level 1:colcon.colcon_core.package_identification:_identify(.) by extension 'colcon_pkg'
[0.249s] Level 1:colcon.colcon_core.package_identification:_identify(.) by extensions ['colcon_meta']
[0.249s] Level 1:colcon.colcon_core.package_identification:_identify(.) by extension 'colcon_meta'
[0.249s] Level 1:colcon.colcon_core.package_identification:_identify(.) by extensions ['ros']
[0.249s] Level 1:colcon.colcon_core.package_identification:_identify(.) by extension 'ros'
[0.271s] Level 1:colcon.colcon_core.package_identification:_identify(.) by extensions ['cmake', 'python']
[0.271s] Level 1:colcon.colcon_core.package_identification:_identify(.) by extension 'cmake'
[0.271s] Level 1:colcon.colcon_core.package_identification:_identify(.) by extension 'python'
[0.271s] Level 1:colcon.colcon_core.package_identification:_identify(.) by extensions ['python_setup_py']
[0.271s] Level 1:colcon.colcon_core.package_identification:_identify(.) by extension 'python_setup_py'
[0.271s] Level 1:colcon.colcon_core.package_identification:_identify(build) by extensions ['ignore', 'ignore_ament_install']
[0.271s] Level 1:colcon.colcon_core.package_identification:_identify(build) by extension 'ignore'
[0.271s] Level 1:colcon.colcon_core.package_identification:_identify(build) ignored
[0.271s] Level 1:colcon.colcon_core.package_identification:_identify(install) by extensions ['ignore', 'ignore_ament_install']
[0.271s] Level 1:colcon.colcon_core.package_identification:_identify(install) by extension 'ignore'
[0.272s] Level 1:colcon.colcon_core.package_identification:_identify(install) ignored
[0.272s] Level 1:colcon.colcon_core.package_identification:_identify(log) by extensions ['ignore', 'ignore_ament_install']
[0.272s] Level 1:colcon.colcon_core.package_identification:_identify(log) by extension 'ignore'
[0.272s] Level 1:colcon.colcon_core.package_identification:_identify(log) ignored
[0.272s] Level 1:colcon.colcon_core.package_identification:_identify(src) by extensions ['ignore', 'ignore_ament_install']
[0.272s] Level 1:colcon.colcon_core.package_identification:_identify(src) by extension 'ignore'
[0.272s] Level 1:colcon.colcon_core.package_identification:_identify(src) by extension 'ignore_ament_install'
[0.272s] Level 1:colcon.colcon_core.package_identification:_identify(src) by extensions ['colcon_pkg']
[0.272s] Level 1:colcon.colcon_core.package_identification:_identify(src) by extension 'colcon_pkg'
[0.272s] Level 1:colcon.colcon_core.package_identification:_identify(src) by extensions ['colcon_meta']
[0.272s] Level 1:colcon.colcon_core.package_identification:_identify(src) by extension 'colcon_meta'
[0.272s] Level 1:colcon.colcon_core.package_identification:_identify(src) by extensions ['ros']
[0.272s] Level 1:colcon.colcon_core.package_identification:_identify(src) by extension 'ros'
[0.272s] Level 1:colcon.colcon_core.package_identification:_identify(src) by extensions ['cmake', 'python']
[0.272s] Level 1:colcon.colcon_core.package_identification:_identify(src) by extension 'cmake'
[0.272s] Level 1:colcon.colcon_core.package_identification:_identify(src) by extension 'python'
[0.273s] Level 1:colcon.colcon_core.package_identification:_identify(src) by extensions ['python_setup_py']
[0.273s] Level 1:colcon.colcon_core.package_identification:_identify(src) by extension 'python_setup_py'
[0.273s] Level 1:colcon.colcon_core.package_identification:_identify(src/drone_description) by extensions ['ignore', 'ignore_ament_install']
[0.273s] Level 1:colcon.colcon_core.package_identification:_identify(src/drone_description) by extension 'ignore'
[0.273s] Level 1:colcon.colcon_core.package_identification:_identify(src/drone_description) by extension 'ignore_ament_install'
[0.273s] Level 1:colcon.colcon_core.package_identification:_identify(src/drone_description) by extensions ['colcon_pkg']
[0.273s] Level 1:colcon.colcon_core.package_identification:_identify(src/drone_description) by extension 'colcon_pkg'
[0.273s] Level 1:colcon.colcon_core.package_identification:_identify(src/drone_description) by extensions ['colcon_meta']
[0.273s] Level 1:colcon.colcon_core.package_identification:_identify(src/drone_description) by extension 'colcon_meta'
[0.273s] Level 1:colcon.colcon_core.package_identification:_identify(src/drone_description) by extensions ['ros']
[0.273s] Level 1:colcon.colcon_core.package_identification:_identify(src/drone_description) by extension 'ros'
[0.277s] DEBUG:colcon.colcon_core.package_identification:Package 'src/drone_description' with type 'ros.ament_cmake' and name 'drone_description'
[0.278s] Level 1:colcon.colcon_core.package_identification:_identify(src/px4-offboard) by extensions ['ignore', 'ignore_ament_install']
[0.278s] Level 1:colcon.colcon_core.package_identification:_identify(src/px4-offboard) by extension 'ignore'
[0.278s] Level 1:colcon.colcon_core.package_identification:_identify(src/px4-offboard) by extension 'ignore_ament_install'
[0.278s] Level 1:colcon.colcon_core.package_identification:_identify(src/px4-offboard) by extensions ['colcon_pkg']
[0.278s] Level 1:colcon.colcon_core.package_identification:_identify(src/px4-offboard) by extension 'colcon_pkg'
[0.278s] Level 1:colcon.colcon_core.package_identification:_identify(src/px4-offboard) by extensions ['colcon_meta']
[0.278s] Level 1:colcon.colcon_core.package_identification:_identify(src/px4-offboard) by extension 'colcon_meta'
[0.278s] Level 1:colcon.colcon_core.package_identification:_identify(src/px4-offboard) by extensions ['ros']
[0.278s] Level 1:colcon.colcon_core.package_identification:_identify(src/px4-offboard) by extension 'ros'
[0.279s] DEBUG:colcon.colcon_core.package_identification:Package 'src/px4-offboard' with type 'ros.ament_python' and name 'px4_offboard'
[0.279s] Level 1:colcon.colcon_core.package_identification:_identify(src/vl53l8cx_ros) by extensions ['ignore', 'ignore_ament_install']
[0.279s] Level 1:colcon.colcon_core.package_identification:_identify(src/vl53l8cx_ros) by extension 'ignore'
[0.279s] Level 1:colcon.colcon_core.package_identification:_identify(src/vl53l8cx_ros) by extension 'ignore_ament_install'
[0.279s] Level 1:colcon.colcon_core.package_identification:_identify(src/vl53l8cx_ros) by extensions ['colcon_pkg']
[0.279s] Level 1:colcon.colcon_core.package_identification:_identify(src/vl53l8cx_ros) by extension 'colcon_pkg'
[0.279s] Level 1:colcon.colcon_core.package_identification:_identify(src/vl53l8cx_ros) by extensions ['colcon_meta']
[0.279s] Level 1:colcon.colcon_core.package_identification:_identify(src/vl53l8cx_ros) by extension 'colcon_meta'
[0.279s] Level 1:colcon.colcon_core.package_identification:_identify(src/vl53l8cx_ros) by extensions ['ros']
[0.280s] Level 1:colcon.colcon_core.package_identification:_identify(src/vl53l8cx_ros) by extension 'ros'
[0.282s] DEBUG:colcon.colcon_core.package_identification:Package 'src/vl53l8cx_ros' with type 'ros.ament_python' and name 'vl53l8cx_ros'
[0.282s] Level 1:colcon.colcon_core.package_discovery:discover_packages(recursive) using defaults
[0.282s] Level 1:colcon.colcon_core.package_discovery:discover_packages(ignore) discover
[0.282s] Level 1:colcon.colcon_core.package_discovery:discover_packages(ignore) using defaults
[0.282s] Level 1:colcon.colcon_core.package_discovery:discover_packages(path) discover
[0.282s] Level 1:colcon.colcon_core.package_discovery:discover_packages(path) using defaults
[0.329s] Level 1:colcon.colcon_core.package_discovery:discover_packages(prefix_path) check parameters
[0.329s] Level 1:colcon.colcon_core.package_discovery:discover_packages(prefix_path) discover
[0.332s] DEBUG:colcon.colcon_installed_package_information.package_discovery:Found 2 installed packages in /home/susan/ws_sensor_combined/install
[0.332s] DEBUG:colcon.colcon_installed_package_information.package_discovery:Found 3 installed packages in /home/susan/osprey_ws/install
[0.334s] DEBUG:colcon.colcon_installed_package_information.package_discovery:Found 401 installed packages in /opt/ros/humble
[0.340s] Level 1:colcon.colcon_core.package_discovery:discover_packages(prefix_path) using defaults
[0.419s] Level 5:colcon.colcon_core.verb:set package 'drone_description' build argument 'cmake_args' from command line to 'None'
[0.419s] Level 5:colcon.colcon_core.verb:set package 'drone_description' build argument 'cmake_target' from command line to 'None'
[0.419s] Level 5:colcon.colcon_core.verb:set package 'drone_description' build argument 'cmake_target_skip_unavailable' from command line to 'False'
[0.419s] Level 5:colcon.colcon_core.verb:set package 'drone_description' build argument 'cmake_clean_cache' from command line to 'False'
[0.419s] Level 5:colcon.colcon_core.verb:set package 'drone_description' build argument 'cmake_clean_first' from command line to 'False'
[0.419s] Level 5:colcon.colcon_core.verb:set package 'drone_description' build argument 'cmake_force_configure' from command line to 'False'
[0.419s] Level 5:colcon.colcon_core.verb:set package 'drone_description' build argument 'ament_cmake_args' from command line to 'None'
[0.419s] Level 5:colcon.colcon_core.verb:set package 'drone_description' build argument 'catkin_cmake_args' from command line to 'None'
[0.419s] Level 5:colcon.colcon_core.verb:set package 'drone_description' build argument 'catkin_skip_building_tests' from command line to 'False'
[0.419s] DEBUG:colcon.colcon_core.verb:Building package 'drone_description' with the following arguments: {'ament_cmake_args': None, 'build_base': '/home/susan/osprey_ws/build/drone_description', 'catkin_cmake_args': None, 'catkin_skip_building_tests': False, 'cmake_args': None, 'cmake_clean_cache': False, 'cmake_clean_first': False, 'cmake_force_configure': False, 'cmake_target': None, 'cmake_target_skip_unavailable': False, 'install_base': '/home/susan/osprey_ws/install/drone_description', 'merge_install': False, 'path': '/home/susan/osprey_ws/src/drone_description', 'symlink_install': False, 'test_result_base': None}
[0.420s] Level 5:colcon.colcon_core.verb:set package 'px4_offboard' build argument 'cmake_args' from command line to 'None'
[0.420s] Level 5:colcon.colcon_core.verb:set package 'px4_offboard' build argument 'cmake_target' from command line to 'None'
[0.421s] Level 5:colcon.colcon_core.verb:set package 'px4_offboard' build argument 'cmake_target_skip_unavailable' from command line to 'False'
[0.421s] Level 5:colcon.colcon_core.verb:set package 'px4_offboard' build argument 'cmake_clean_cache' from command line to 'False'
[0.421s] Level 5:colcon.colcon_core.verb:set package 'px4_offboard' build argument 'cmake_clean_first' from command line to 'False'
[0.421s] Level 5:colcon.colcon_core.verb:set package 'px4_offboard' build argument 'cmake_force_configure' from command line to 'False'
[0.421s] Level 5:colcon.colcon_core.verb:set package 'px4_offboard' build argument 'ament_cmake_args' from command line to 'None'
[0.421s] Level 5:colcon.colcon_core.verb:set package 'px4_offboard' build argument 'catkin_cmake_args' from command line to 'None'
[0.421s] Level 5:colcon.colcon_core.verb:set package 'px4_offboard' build argument 'catkin_skip_building_tests' from command line to 'False'
[0.421s] DEBUG:colcon.colcon_core.verb:Building package 'px4_offboard' with the following arguments: {'ament_cmake_args': None, 'build_base': '/home/susan/osprey_ws/build/px4_offboard', 'catkin_cmake_args': None, 'catkin_skip_building_tests': False, 'cmake_args': None, 'cmake_clean_cache': False, 'cmake_clean_first': False, 'cmake_force_configure': False, 'cmake_target': None, 'cmake_target_skip_unavailable': False, 'install_base': '/home/susan/osprey_ws/install/px4_offboard', 'merge_install': False, 'path': '/home/susan/osprey_ws/src/px4-offboard', 'symlink_install': False, 'test_result_base': None}
[0.422s] Level 5:colcon.colcon_core.verb:set package 'vl53l8cx_ros' build argument 'cmake_args' from command line to 'None'
[0.422s] Level 5:colcon.colcon_core.verb:set package 'vl53l8cx_ros' build argument 'cmake_target' from command line to 'None'
[0.423s] Level 5:colcon.colcon_core.verb:set package 'vl53l8cx_ros' build argument 'cmake_target_skip_unavailable' from command line to 'False'
[0.423s] Level 5:colcon.colcon_core.verb:set package 'vl53l8cx_ros' build argument 'cmake_clean_cache' from command line to 'False'
[0.423s] Level 5:colcon.colcon_core.verb:set package 'vl53l8cx_ros' build argument 'cmake_clean_first' from command line to 'False'
[0.423s] Level 5:colcon.colcon_core.verb:set package 'vl53l8cx_ros' build argument 'cmake_force_configure' from command line to 'False'
[0.423s] Level 5:colcon.colcon_core.verb:set package 'vl53l8cx_ros' build argument 'ament_cmake_args' from command line to 'None'
[0.423s] Level 5:colcon.colcon_core.verb:set package 'vl53l8cx_ros' build argument 'catkin_cmake_args' from command line to 'None'
[0.423s] Level 5:colcon.colcon_core.verb:set package 'vl53l8cx_ros' build argument 'catkin_skip_building_tests' from command line to 'False'
[0.423s] DEBUG:colcon.colcon_core.verb:Building package 'vl53l8cx_ros' with the following arguments: {'ament_cmake_args': None, 'build_base': '/home/susan/osprey_ws/build/vl53l8cx_ros', 'catkin_cmake_args': None, 'catkin_skip_building_tests': False, 'cmake_args': None, 'cmake_clean_cache': False, 'cmake_clean_first': False, 'cmake_force_configure': False, 'cmake_target': None, 'cmake_target_skip_unavailable': False, 'install_base': '/home/susan/osprey_ws/install/vl53l8cx_ros', 'merge_install': False, 'path': '/home/susan/osprey_ws/src/vl53l8cx_ros', 'symlink_install': False, 'test_result_base': None}
[0.424s] INFO:colcon.colcon_core.executor:Executing jobs using 'parallel' executor
[0.426s] DEBUG:colcon.colcon_parallel_executor.executor.parallel:run_until_complete
[0.427s] INFO:colcon.colcon_ros.task.ament_cmake.build:Building ROS package in '/home/susan/osprey_ws/src/drone_description' with build type 'ament_cmake'
[0.427s] INFO:colcon.colcon_cmake.task.cmake.build:Building CMake package in '/home/susan/osprey_ws/src/drone_description'
[0.430s] INFO:colcon.colcon_core.plugin_system:Skipping extension 'colcon_core.shell.bat': Not used on non-Windows systems
[0.430s] INFO:colcon.colcon_core.shell:Skip shell extension 'powershell' for command environment: Not usable outside of PowerShell
[0.430s] DEBUG:colcon.colcon_core.shell:Skip shell extension 'dsv' for command environment
[0.435s] INFO:colcon.colcon_ros.task.ament_python.build:Building ROS package in '/home/susan/osprey_ws/src/px4-offboard' with build type 'ament_python'
[0.435s] Level 1:colcon.colcon_core.shell:create_environment_hook('px4_offboard', 'ament_prefix_path')
[0.436s] INFO:colcon.colcon_core.shell:Creating environment hook '/home/susan/osprey_ws/install/px4_offboard/share/px4_offboard/hook/ament_prefix_path.ps1'
[0.437s] INFO:colcon.colcon_core.shell:Creating environment descriptor '/home/susan/osprey_ws/install/px4_offboard/share/px4_offboard/hook/ament_prefix_path.dsv'
[0.438s] INFO:colcon.colcon_core.shell:Creating environment hook '/home/susan/osprey_ws/install/px4_offboard/share/px4_offboard/hook/ament_prefix_path.sh'
[0.440s] INFO:colcon.colcon_core.shell:Skip shell extension 'powershell' for command environment: Not usable outside of PowerShell
[0.440s] DEBUG:colcon.colcon_core.shell:Skip shell extension 'dsv' for command environment
[0.447s] INFO:colcon.colcon_ros.task.ament_python.build:Building ROS package in '/home/susan/osprey_ws/src/vl53l8cx_ros' with build type 'ament_python'
[0.448s] Level 1:colcon.colcon_core.shell:create_environment_hook('vl53l8cx_ros', 'ament_prefix_path')
[0.449s] INFO:colcon.colcon_core.shell:Creating environment hook '/home/susan/osprey_ws/install/vl53l8cx_ros/share/vl53l8cx_ros/hook/ament_prefix_path.ps1'
[0.449s] INFO:colcon.colcon_core.shell:Creating environment descriptor '/home/susan/osprey_ws/install/vl53l8cx_ros/share/vl53l8cx_ros/hook/ament_prefix_path.dsv'
[0.450s] INFO:colcon.colcon_core.shell:Creating environment hook '/home/susan/osprey_ws/install/vl53l8cx_ros/share/vl53l8cx_ros/hook/ament_prefix_path.sh'
[0.451s] INFO:colcon.colcon_core.shell:Skip shell extension 'powershell' for command environment: Not usable outside of PowerShell
[0.451s] DEBUG:colcon.colcon_core.shell:Skip shell extension 'dsv' for command environment
[0.465s] DEBUG:colcon.colcon_core.event_handler.log_command:Invoking command in '/home/susan/osprey_ws/build/drone_description': CMAKE_PREFIX_PATH=${CMAKE_PREFIX_PATH}:/home/susan/osprey_ws/install/vl53l8cx_ros:/home/susan/osprey_ws/install/px4_offboard:/opt/ros/humble /usr/bin/cmake /home/susan/osprey_ws/src/drone_description -DCMAKE_INSTALL_PREFIX=/home/susan/osprey_ws/install/drone_description
[0.934s] INFO:colcon.colcon_core.task.python.build:Building Python package in '/home/susan/osprey_ws/src/px4-offboard'
[0.935s] INFO:colcon.colcon_core.shell:Skip shell extension 'powershell' for command environment: Not usable outside of PowerShell
[0.935s] DEBUG:colcon.colcon_core.shell:Skip shell extension 'dsv' for command environment
[1.390s] INFO:colcon.colcon_core.task.python.build:Building Python package in '/home/susan/osprey_ws/src/vl53l8cx_ros'
[1.391s] INFO:colcon.colcon_core.shell:Skip shell extension 'powershell' for command environment: Not usable outside of PowerShell
[1.391s] DEBUG:colcon.colcon_core.shell:Skip shell extension 'dsv' for command environment
[1.398s] DEBUG:colcon.colcon_core.event_handler.log_command:Invoked command in '/home/susan/osprey_ws/build/drone_description' returned '0': CMAKE_PREFIX_PATH=${CMAKE_PREFIX_PATH}:/home/susan/osprey_ws/install/vl53l8cx_ros:/home/susan/osprey_ws/install/px4_offboard:/opt/ros/humble /usr/bin/cmake /home/susan/osprey_ws/src/drone_description -DCMAKE_INSTALL_PREFIX=/home/susan/osprey_ws/install/drone_description
[1.401s] DEBUG:colcon.colcon_core.event_handler.log_command:Invoking command in '/home/susan/osprey_ws/build/drone_description': CMAKE_PREFIX_PATH=${CMAKE_PREFIX_PATH}:/home/susan/osprey_ws/install/vl53l8cx_ros:/home/susan/osprey_ws/install/px4_offboard:/opt/ros/humble /usr/bin/cmake --build /home/susan/osprey_ws/build/drone_description -- -j16 -l16
[1.483s] DEBUG:colcon.colcon_core.event_handler.log_command:Invoked command in '/home/susan/osprey_ws/build/drone_description' returned '0': CMAKE_PREFIX_PATH=${CMAKE_PREFIX_PATH}:/home/susan/osprey_ws/install/vl53l8cx_ros:/home/susan/osprey_ws/install/px4_offboard:/opt/ros/humble /usr/bin/cmake --build /home/susan/osprey_ws/build/drone_description -- -j16 -l16
[1.498s] DEBUG:colcon.colcon_core.event_handler.log_command:Invoking command in '/home/susan/osprey_ws/build/drone_description': CMAKE_PREFIX_PATH=${CMAKE_PREFIX_PATH}:/home/susan/osprey_ws/install/vl53l8cx_ros:/home/susan/osprey_ws/install/px4_offboard:/opt/ros/humble /usr/bin/cmake --install /home/susan/osprey_ws/build/drone_description
[1.531s] Level 1:colcon.colcon_core.environment:create_environment_scripts_only(drone_description)
[1.533s] DEBUG:colcon.colcon_core.event_handler.log_command:Invoked command in '/home/susan/osprey_ws/build/drone_description' returned '0': CMAKE_PREFIX_PATH=${CMAKE_PREFIX_PATH}:/home/susan/osprey_ws/install/vl53l8cx_ros:/home/susan/osprey_ws/install/px4_offboard:/opt/ros/humble /usr/bin/cmake --install /home/susan/osprey_ws/build/drone_description
[1.536s] Level 1:colcon.colcon_core.environment:checking '/home/susan/osprey_ws/install/drone_description' for CMake module files
[1.537s] Level 1:colcon.colcon_core.environment:checking '/home/susan/osprey_ws/install/drone_description' for CMake config files
[1.537s] Level 1:colcon.colcon_core.shell:create_environment_hook('drone_description', 'cmake_prefix_path')
[1.537s] INFO:colcon.colcon_core.shell:Creating environment hook '/home/susan/osprey_ws/install/drone_description/share/drone_description/hook/cmake_prefix_path.ps1'
[1.538s] INFO:colcon.colcon_core.shell:Creating environment descriptor '/home/susan/osprey_ws/install/drone_description/share/drone_description/hook/cmake_prefix_path.dsv'
[1.538s] INFO:colcon.colcon_core.shell:Creating environment hook '/home/susan/osprey_ws/install/drone_description/share/drone_description/hook/cmake_prefix_path.sh'
[1.539s] Level 1:colcon.colcon_core.environment:checking '/home/susan/osprey_ws/install/drone_description/bin'
[1.539s] Level 1:colcon.colcon_core.environment:checking '/home/susan/osprey_ws/install/drone_description/lib/pkgconfig/drone_description.pc'
[1.540s] Level 1:colcon.colcon_core.environment:checking '/home/susan/osprey_ws/install/drone_description/lib/python3.10/site-packages'
[1.540s] Level 1:colcon.colcon_core.environment:checking '/home/susan/osprey_ws/install/drone_description/bin'
[1.540s] INFO:colcon.colcon_core.shell:Creating package script '/home/susan/osprey_ws/install/drone_description/share/drone_description/package.ps1'
[1.541s] INFO:colcon.colcon_core.shell:Creating package descriptor '/home/susan/osprey_ws/install/drone_description/share/drone_description/package.dsv'
[1.542s] INFO:colcon.colcon_core.shell:Creating package script '/home/susan/osprey_ws/install/drone_description/share/drone_description/package.sh'
[1.543s] INFO:colcon.colcon_core.shell:Creating package script '/home/susan/osprey_ws/install/drone_description/share/drone_description/package.bash'
[1.544s] INFO:colcon.colcon_core.shell:Creating package script '/home/susan/osprey_ws/install/drone_description/share/drone_description/package.zsh'
[1.544s] Level 1:colcon.colcon_core.environment:create_file_with_runtime_dependencies(/home/susan/osprey_ws/install/drone_description/share/colcon-core/packages/drone_description)
[1.547s] Level 1:colcon.colcon_core.environment:create_environment_scripts_only(drone_description)
[1.548s] Level 1:colcon.colcon_core.environment:checking '/home/susan/osprey_ws/install/drone_description' for CMake module files
[1.549s] Level 1:colcon.colcon_core.environment:checking '/home/susan/osprey_ws/install/drone_description' for CMake config files
[1.550s] Level 1:colcon.colcon_core.shell:create_environment_hook('drone_description', 'cmake_prefix_path')
[1.551s] INFO:colcon.colcon_core.shell:Creating environment hook '/home/susan/osprey_ws/install/drone_description/share/drone_description/hook/cmake_prefix_path.ps1'
[1.553s] INFO:colcon.colcon_core.shell:Creating environment descriptor '/home/susan/osprey_ws/install/drone_description/share/drone_description/hook/cmake_prefix_path.dsv'
[1.554s] INFO:colcon.colcon_core.shell:Creating environment hook '/home/susan/osprey_ws/install/drone_description/share/drone_description/hook/cmake_prefix_path.sh'
[1.556s] Level 1:colcon.colcon_core.environment:checking '/home/susan/osprey_ws/install/drone_description/bin'
[1.556s] Level 1:colcon.colcon_core.environment:checking '/home/susan/osprey_ws/install/drone_description/lib/pkgconfig/drone_description.pc'
[1.557s] Level 1:colcon.colcon_core.environment:checking '/home/susan/osprey_ws/install/drone_description/lib/python3.10/site-packages'
[1.558s] Level 1:colcon.colcon_core.environment:checking '/home/susan/osprey_ws/install/drone_description/bin'
[1.559s] INFO:colcon.colcon_core.shell:Creating package script '/home/susan/osprey_ws/install/drone_description/share/drone_description/package.ps1'
[1.561s] INFO:colcon.colcon_core.shell:Creating package descriptor '/home/susan/osprey_ws/install/drone_description/share/drone_description/package.dsv'
[1.563s] INFO:colcon.colcon_core.shell:Creating package script '/home/susan/osprey_ws/install/drone_description/share/drone_description/package.sh'
[1.564s] INFO:colcon.colcon_core.shell:Creating package script '/home/susan/osprey_ws/install/drone_description/share/drone_description/package.bash'
[1.566s] INFO:colcon.colcon_core.shell:Creating package script '/home/susan/osprey_ws/install/drone_description/share/drone_description/package.zsh'
[1.567s] Level 1:colcon.colcon_core.environment:create_file_with_runtime_dependencies(/home/susan/osprey_ws/install/drone_description/share/colcon-core/packages/drone_description)
[2.281s] DEBUG:colcon.colcon_core.event_handler.log_command:Invoking command in '/home/susan/osprey_ws/build/vl53l8cx_ros': PYTHONPATH=/home/susan/osprey_ws/build/vl53l8cx_ros/prefix_override:/usr/lib/python3/dist-packages/colcon_core/task/python/colcon_distutils_commands:/home/susan/osprey_ws/install/vl53l8cx_ros/lib/python3.10/site-packages:${PYTHONPATH} /usr/bin/python3 -W ignore:setup.py install is deprecated -W ignore:easy_install command is deprecated setup.py develop --uninstall --editable --build-directory /home/susan/osprey_ws/build/vl53l8cx_ros/build
[2.441s] DEBUG:colcon.colcon_core.event_handler.log_command:Invoking command in '/home/susan/osprey_ws/build/px4_offboard': PYTHONPATH=/home/susan/osprey_ws/build/px4_offboard/prefix_override:/usr/lib/python3/dist-packages/colcon_core/task/python/colcon_distutils_commands:/home/susan/osprey_ws/install/px4_offboard/lib/python3.10/site-packages:${PYTHONPATH} /usr/bin/python3 -W ignore:setup.py install is deprecated -W ignore:easy_install command is deprecated setup.py develop --uninstall --editable --build-directory /home/susan/osprey_ws/build/px4_offboard/build
[3.100s] DEBUG:colcon.colcon_core.event_handler.log_command:Invoked command in '/home/susan/osprey_ws/build/vl53l8cx_ros' returned '0': PYTHONPATH=/home/susan/osprey_ws/build/vl53l8cx_ros/prefix_override:/usr/lib/python3/dist-packages/colcon_core/task/python/colcon_distutils_commands:/home/susan/osprey_ws/install/vl53l8cx_ros/lib/python3.10/site-packages:${PYTHONPATH} /usr/bin/python3 -W ignore:setup.py install is deprecated -W ignore:easy_install command is deprecated setup.py develop --uninstall --editable --build-directory /home/susan/osprey_ws/build/vl53l8cx_ros/build
[3.106s] DEBUG:colcon.colcon_core.event_handler.log_command:Invoking command in '/home/susan/osprey_ws/src/vl53l8cx_ros': PYTHONPATH=/home/susan/osprey_ws/build/vl53l8cx_ros/prefix_override:/usr/lib/python3/dist-packages/colcon_core/task/python/colcon_distutils_commands:/home/susan/osprey_ws/install/vl53l8cx_ros/lib/python3.10/site-packages:${PYTHONPATH} /usr/bin/python3 -W ignore:setup.py install is deprecated -W ignore:easy_install command is deprecated setup.py egg_info --egg-base ../../build/vl53l8cx_ros build --build-base /home/susan/osprey_ws/build/vl53l8cx_ros/build install --record /home/susan/osprey_ws/build/vl53l8cx_ros/install.log --single-version-externally-managed install_data --force
[3.429s] DEBUG:colcon.colcon_core.event_handler.log_command:Invoked command in '/home/susan/osprey_ws/build/px4_offboard' returned '0': PYTHONPATH=/home/susan/osprey_ws/build/px4_offboard/prefix_override:/usr/lib/python3/dist-packages/colcon_core/task/python/colcon_distutils_commands:/home/susan/osprey_ws/install/px4_offboard/lib/python3.10/site-packages:${PYTHONPATH} /usr/bin/python3 -W ignore:setup.py install is deprecated -W ignore:easy_install command is deprecated setup.py develop --uninstall --editable --build-directory /home/susan/osprey_ws/build/px4_offboard/build
[3.432s] DEBUG:colcon.colcon_core.event_handler.log_command:Invoking command in '/home/susan/osprey_ws/src/px4-offboard': PYTHONPATH=/home/susan/osprey_ws/build/px4_offboard/prefix_override:/usr/lib/python3/dist-packages/colcon_core/task/python/colcon_distutils_commands:/home/susan/osprey_ws/install/px4_offboard/lib/python3.10/site-packages:${PYTHONPATH} /usr/bin/python3 -W ignore:setup.py install is deprecated -W ignore:easy_install command is deprecated setup.py egg_info --egg-base ../../build/px4_offboard build --build-base /home/susan/osprey_ws/build/px4_offboard/build install --record /home/susan/osprey_ws/build/px4_offboard/install.log --single-version-externally-managed install_data --force
[4.147s] Level 1:colcon.colcon_core.environment:checking '/home/susan/osprey_ws/install/vl53l8cx_ros' for CMake module files
[4.148s] DEBUG:colcon.colcon_core.event_handler.log_command:Invoked command in '/home/susan/osprey_ws/src/vl53l8cx_ros' returned '0': PYTHONPATH=/home/susan/osprey_ws/build/vl53l8cx_ros/prefix_override:/usr/lib/python3/dist-packages/colcon_core/task/python/colcon_distutils_commands:/home/susan/osprey_ws/install/vl53l8cx_ros/lib/python3.10/site-packages:${PYTHONPATH} /usr/bin/python3 -W ignore:setup.py install is deprecated -W ignore:easy_install command is deprecated setup.py egg_info --egg-base ../../build/vl53l8cx_ros build --build-base /home/susan/osprey_ws/build/vl53l8cx_ros/build install --record /home/susan/osprey_ws/build/vl53l8cx_ros/install.log --single-version-externally-managed install_data --force
[4.150s] Level 1:colcon.colcon_core.environment:checking '/home/susan/osprey_ws/install/vl53l8cx_ros' for CMake config files
[4.152s] Level 1:colcon.colcon_core.environment:checking '/home/susan/osprey_ws/install/vl53l8cx_ros/lib'
[4.153s] Level 1:colcon.colcon_core.environment:checking '/home/susan/osprey_ws/install/vl53l8cx_ros/bin'
[4.153s] Level 1:colcon.colcon_core.environment:checking '/home/susan/osprey_ws/install/vl53l8cx_ros/lib/pkgconfig/vl53l8cx_ros.pc'
[4.154s] Level 1:colcon.colcon_core.environment:checking '/home/susan/osprey_ws/install/vl53l8cx_ros/lib/python3.10/site-packages'
[4.155s] Level 1:colcon.colcon_core.shell:create_environment_hook('vl53l8cx_ros', 'pythonpath')
[4.156s] INFO:colcon.colcon_core.shell:Creating environment hook '/home/susan/osprey_ws/install/vl53l8cx_ros/share/vl53l8cx_ros/hook/pythonpath.ps1'
[4.157s] INFO:colcon.colcon_core.shell:Creating environment descriptor '/home/susan/osprey_ws/install/vl53l8cx_ros/share/vl53l8cx_ros/hook/pythonpath.dsv'
[4.158s] INFO:colcon.colcon_core.shell:Creating environment hook '/home/susan/osprey_ws/install/vl53l8cx_ros/share/vl53l8cx_ros/hook/pythonpath.sh'
[4.159s] Level 1:colcon.colcon_core.environment:checking '/home/susan/osprey_ws/install/vl53l8cx_ros/bin'
[4.159s] Level 1:colcon.colcon_core.environment:create_environment_scripts_only(vl53l8cx_ros)
[4.159s] INFO:colcon.colcon_core.shell:Creating package script '/home/susan/osprey_ws/install/vl53l8cx_ros/share/vl53l8cx_ros/package.ps1'
[4.160s] INFO:colcon.colcon_core.shell:Creating package descriptor '/home/susan/osprey_ws/install/vl53l8cx_ros/share/vl53l8cx_ros/package.dsv'
[4.160s] INFO:colcon.colcon_core.shell:Creating package script '/home/susan/osprey_ws/install/vl53l8cx_ros/share/vl53l8cx_ros/package.sh'
[4.161s] INFO:colcon.colcon_core.shell:Creating package script '/home/susan/osprey_ws/install/vl53l8cx_ros/share/vl53l8cx_ros/package.bash'
[4.161s] INFO:colcon.colcon_core.shell:Creating package script '/home/susan/osprey_ws/install/vl53l8cx_ros/share/vl53l8cx_ros/package.zsh'
[4.161s] Level 1:colcon.colcon_core.environment:create_file_with_runtime_dependencies(/home/susan/osprey_ws/install/vl53l8cx_ros/share/colcon-core/packages/vl53l8cx_ros)
[4.354s] Level 1:colcon.colcon_core.environment:checking '/home/susan/osprey_ws/install/px4_offboard' for CMake module files
[4.355s] DEBUG:colcon.colcon_core.event_handler.log_command:Invoked command in '/home/susan/osprey_ws/src/px4-offboard' returned '0': PYTHONPATH=/home/susan/osprey_ws/build/px4_offboard/prefix_override:/usr/lib/python3/dist-packages/colcon_core/task/python/colcon_distutils_commands:/home/susan/osprey_ws/install/px4_offboard/lib/python3.10/site-packages:${PYTHONPATH} /usr/bin/python3 -W ignore:setup.py install is deprecated -W ignore:easy_install command is deprecated setup.py egg_info --egg-base ../../build/px4_offboard build --build-base /home/susan/osprey_ws/build/px4_offboard/build install --record /home/susan/osprey_ws/build/px4_offboard/install.log --single-version-externally-managed install_data --force
[4.355s] Level 1:colcon.colcon_core.environment:checking '/home/susan/osprey_ws/install/px4_offboard' for CMake config files
[4.356s] Level 1:colcon.colcon_core.environment:checking '/home/susan/osprey_ws/install/px4_offboard/lib'
[4.356s] Level 1:colcon.colcon_core.environment:checking '/home/susan/osprey_ws/install/px4_offboard/bin'
[4.356s] Level 1:colcon.colcon_core.environment:checking '/home/susan/osprey_ws/install/px4_offboard/lib/pkgconfig/px4_offboard.pc'
[4.357s] Level 1:colcon.colcon_core.environment:checking '/home/susan/osprey_ws/install/px4_offboard/lib/python3.10/site-packages'
[4.357s] Level 1:colcon.colcon_core.shell:create_environment_hook('px4_offboard', 'pythonpath')
[4.357s] INFO:colcon.colcon_core.shell:Creating environment hook '/home/susan/osprey_ws/install/px4_offboard/share/px4_offboard/hook/pythonpath.ps1'
[4.358s] INFO:colcon.colcon_core.shell:Creating environment descriptor '/home/susan/osprey_ws/install/px4_offboard/share/px4_offboard/hook/pythonpath.dsv'
[4.358s] INFO:colcon.colcon_core.shell:Creating environment hook '/home/susan/osprey_ws/install/px4_offboard/share/px4_offboard/hook/pythonpath.sh'
[4.359s] Level 1:colcon.colcon_core.environment:checking '/home/susan/osprey_ws/install/px4_offboard/bin'
[4.359s] Level 1:colcon.colcon_core.environment:create_environment_scripts_only(px4_offboard)
[4.359s] INFO:colcon.colcon_core.shell:Creating package script '/home/susan/osprey_ws/install/px4_offboard/share/px4_offboard/package.ps1'
[4.360s] INFO:colcon.colcon_core.shell:Creating package descriptor '/home/susan/osprey_ws/install/px4_offboard/share/px4_offboard/package.dsv'
[4.361s] INFO:colcon.colcon_core.shell:Creating package script '/home/susan/osprey_ws/install/px4_offboard/share/px4_offboard/package.sh'
[4.361s] INFO:colcon.colcon_core.shell:Creating package script '/home/susan/osprey_ws/install/px4_offboard/share/px4_offboard/package.bash'
[4.361s] INFO:colcon.colcon_core.shell:Creating package script '/home/susan/osprey_ws/install/px4_offboard/share/px4_offboard/package.zsh'
[4.362s] Level 1:colcon.colcon_core.environment:create_file_with_runtime_dependencies(/home/susan/osprey_ws/install/px4_offboard/share/colcon-core/packages/px4_offboard)
[4.362s] DEBUG:colcon.colcon_parallel_executor.executor.parallel:closing loop
[4.363s] DEBUG:colcon.colcon_parallel_executor.executor.parallel:loop closed
[4.363s] DEBUG:colcon.colcon_parallel_executor.executor.parallel:run_until_complete finished with '0'
[4.363s] DEBUG:colcon.colcon_core.event_reactor:joining thread
[4.385s] INFO:colcon.colcon_core.plugin_system:Skipping extension 'colcon_notification.desktop_notification.terminal_notifier': Not used on non-Darwin systems
[4.385s] INFO:colcon.colcon_core.plugin_system:Skipping extension 'colcon_notification.desktop_notification.win32': Not used on non-Windows systems
[4.385s] INFO:colcon.colcon_notification.desktop_notification:Sending desktop notification using 'notify2'
[4.426s] DEBUG:colcon.colcon_core.event_reactor:joined thread
[4.427s] INFO:colcon.colcon_core.shell:Creating prefix script '/home/susan/osprey_ws/install/local_setup.ps1'
[4.428s] INFO:colcon.colcon_core.shell:Creating prefix util module '/home/susan/osprey_ws/install/_local_setup_util_ps1.py'
[4.430s] INFO:colcon.colcon_core.shell:Creating prefix chain script '/home/susan/osprey_ws/install/setup.ps1'
[4.448s] INFO:colcon.colcon_core.shell:Creating prefix script '/home/susan/osprey_ws/install/local_setup.sh'
[4.449s] INFO:colcon.colcon_core.shell:Creating prefix util module '/home/susan/osprey_ws/install/_local_setup_util_sh.py'
[4.449s] INFO:colcon.colcon_core.shell:Creating prefix chain script '/home/susan/osprey_ws/install/setup.sh'
[4.451s] INFO:colcon.colcon_core.shell:Creating prefix script '/home/susan/osprey_ws/install/local_setup.bash'
[4.452s] INFO:colcon.colcon_core.shell:Creating prefix chain script '/home/susan/osprey_ws/install/setup.bash'
[4.453s] INFO:colcon.colcon_core.shell:Creating prefix script '/home/susan/osprey_ws/install/local_setup.zsh'
[4.454s] INFO:colcon.colcon_core.shell:Creating prefix chain script '/home/susan/osprey_ws/install/setup.zsh'
