[1.597s] Invoking command in '/home/susan/osprey_ws/src/px4-offboard': PYTHONPATH=/home/susan/osprey_ws/build/px4_offboard/prefix_override:/usr/lib/python3/dist-packages/colcon_core/task/python/colcon_distutils_commands:/home/susan/osprey_ws/install/px4_offboard/lib/python3.10/site-packages:${PYTHONPATH} /usr/bin/python3 -W ignore:setup.py install is deprecated -W ignore:easy_install command is deprecated setup.py egg_info --egg-base ../../build/px4_offboard build --build-base /home/susan/osprey_ws/build/px4_offboard/build install --record /home/susan/osprey_ws/build/px4_offboard/install.log --single-version-externally-managed install_data
[1.872s] /home/susan/.local/lib/python3.10/site-packages/setuptools/_distutils/dist.py:289: UserWarning: Unknown distribution option: 'tests_require'
[1.872s]   warnings.warn(msg)
[1.984s] running egg_info
[2.011s] writing ../../build/px4_offboard/px4_offboard.egg-info/PKG-INFO
[2.013s] writing dependency_links to ../../build/px4_offboard/px4_offboard.egg-info/dependency_links.txt
[2.016s] writing entry points to ../../build/px4_offboard/px4_offboard.egg-info/entry_points.txt
[2.017s] writing requirements to ../../build/px4_offboard/px4_offboard.egg-info/requires.txt
[2.017s] writing top-level names to ../../build/px4_offboard/px4_offboard.egg-info/top_level.txt
[2.055s] reading manifest file '../../build/px4_offboard/px4_offboard.egg-info/SOURCES.txt'
[2.055s] adding license file 'LICENSE'
[2.057s] writing manifest file '../../build/px4_offboard/px4_offboard.egg-info/SOURCES.txt'
[2.057s] running build
[2.058s] running build_py
[2.058s] copying px4_offboard/__init__.py -> /home/susan/osprey_ws/build/px4_offboard/build/lib/px4_offboard
[2.059s] copying px4_offboard/visualizer.py -> /home/susan/osprey_ws/build/px4_offboard/build/lib/px4_offboard
[2.059s] copying px4_offboard/offboard_control.py -> /home/susan/osprey_ws/build/px4_offboard/build/lib/px4_offboard
[2.059s] running install
[2.066s] running install_lib
[2.085s] running install_data
[2.085s] copying resource/px4_offboard -> /home/susan/osprey_ws/install/px4_offboard/share/ament_index/resource_index/packages
[2.085s] copying resource/visualize.rviz -> /home/susan/osprey_ws/install/px4_offboard/share/ament_index/resource_index/packages
[2.086s] copying package.xml -> /home/susan/osprey_ws/install/px4_offboard/share/px4_offboard
[2.086s] copying launch/offboard_position_control.launch.py -> /home/susan/osprey_ws/install/px4_offboard/share/px4_offboard
[2.086s] copying launch/offboard_hardware_position_control.launch.py -> /home/susan/osprey_ws/install/px4_offboard/share/px4_offboard
[2.086s] copying launch/visualize.launch.py -> /home/susan/osprey_ws/install/px4_offboard/share/px4_offboard
[2.086s] copying resource/visualize.rviz -> /home/susan/osprey_ws/install/px4_offboard/share/px4_offboard
[2.087s] running install_egg_info
[2.106s] removing '/home/susan/osprey_ws/install/px4_offboard/lib/python3.10/site-packages/px4_offboard-0.0.0-py3.10.egg-info' (and everything under it)
[2.106s] Copying ../../build/px4_offboard/px4_offboard.egg-info to /home/susan/osprey_ws/install/px4_offboard/lib/python3.10/site-packages/px4_offboard-0.0.0-py3.10.egg-info
[2.107s] running install_scripts
[2.270s] Installing offboard_control script to /home/susan/osprey_ws/install/px4_offboard/lib/px4_offboard
[2.271s] Installing visualizer script to /home/susan/osprey_ws/install/px4_offboard/lib/px4_offboard
[2.271s] writing list of installed files to '/home/susan/osprey_ws/build/px4_offboard/install.log'
[2.306s] Invoked command in '/home/susan/osprey_ws/src/px4-offboard' returned '0': PYTHONPATH=/home/susan/osprey_ws/build/px4_offboard/prefix_override:/usr/lib/python3/dist-packages/colcon_core/task/python/colcon_distutils_commands:/home/susan/osprey_ws/install/px4_offboard/lib/python3.10/site-packages:${PYTHONPATH} /usr/bin/python3 -W ignore:setup.py install is deprecated -W ignore:easy_install command is deprecated setup.py egg_info --egg-base ../../build/px4_offboard build --build-base /home/susan/osprey_ws/build/px4_offboard/build install --record /home/susan/osprey_ws/build/px4_offboard/install.log --single-version-externally-managed install_data
