[1.520s] Invoking command in '/home/susan/osprey_ws/src/px4-offboard': PYTHONPATH=/home/susan/osprey_ws/build/px4_offboard/prefix_override:/usr/lib/python3/dist-packages/colcon_core/task/python/colcon_distutils_commands:/home/susan/osprey_ws/install/px4_offboard/lib/python3.10/site-packages:${PYTHONPATH} /usr/bin/python3 -W ignore:setup.py install is deprecated -W ignore:easy_install command is deprecated setup.py egg_info --egg-base ../../build/px4_offboard build --build-base /home/susan/osprey_ws/build/px4_offboard/build install --record /home/susan/osprey_ws/build/px4_offboard/install.log --single-version-externally-managed install_data
[1.759s] /home/susan/.local/lib/python3.10/site-packages/setuptools/_distutils/dist.py:289: UserWarning: Unknown distribution option: 'tests_require'
[1.759s]   warnings.warn(msg)
[1.883s] running egg_info
[1.907s] writing ../../build/px4_offboard/px4_offboard.egg-info/PKG-INFO
[1.908s] writing dependency_links to ../../build/px4_offboard/px4_offboard.egg-info/dependency_links.txt
[1.909s] writing entry points to ../../build/px4_offboard/px4_offboard.egg-info/entry_points.txt
[1.910s] writing requirements to ../../build/px4_offboard/px4_offboard.egg-info/requires.txt
[1.910s] writing top-level names to ../../build/px4_offboard/px4_offboard.egg-info/top_level.txt
[1.947s] reading manifest file '../../build/px4_offboard/px4_offboard.egg-info/SOURCES.txt'
[1.947s] adding license file 'LICENSE'
[1.948s] writing manifest file '../../build/px4_offboard/px4_offboard.egg-info/SOURCES.txt'
[1.949s] running build
[1.950s] running build_py
[1.950s] copying px4_offboard/__init__.py -> /home/susan/osprey_ws/build/px4_offboard/build/lib/px4_offboard
[1.950s] copying px4_offboard/visualizer.py -> /home/susan/osprey_ws/build/px4_offboard/build/lib/px4_offboard
[1.950s] copying px4_offboard/offboard_control.py -> /home/susan/osprey_ws/build/px4_offboard/build/lib/px4_offboard
[1.951s] running install
[1.955s] running install_lib
[1.973s] running install_data
[1.974s] copying resource/px4_offboard -> /home/susan/osprey_ws/install/px4_offboard/share/ament_index/resource_index/packages
[1.974s] copying resource/visualize.rviz -> /home/susan/osprey_ws/install/px4_offboard/share/ament_index/resource_index/packages
[1.975s] copying package.xml -> /home/susan/osprey_ws/install/px4_offboard/share/px4_offboard
[1.975s] copying launch/offboard_position_control.launch.py -> /home/susan/osprey_ws/install/px4_offboard/share/px4_offboard
[1.975s] copying launch/offboard_hardware_position_control.launch.py -> /home/susan/osprey_ws/install/px4_offboard/share/px4_offboard
[1.975s] copying launch/visualize.launch.py -> /home/susan/osprey_ws/install/px4_offboard/share/px4_offboard
[1.975s] copying resource/visualize.rviz -> /home/susan/osprey_ws/install/px4_offboard/share/px4_offboard
[1.976s] running install_egg_info
[1.994s] removing '/home/susan/osprey_ws/install/px4_offboard/lib/python3.10/site-packages/px4_offboard-0.0.0-py3.10.egg-info' (and everything under it)
[1.994s] Copying ../../build/px4_offboard/px4_offboard.egg-info to /home/susan/osprey_ws/install/px4_offboard/lib/python3.10/site-packages/px4_offboard-0.0.0-py3.10.egg-info
[1.995s] running install_scripts
[2.138s] Installing offboard_control script to /home/susan/osprey_ws/install/px4_offboard/lib/px4_offboard
[2.138s] Installing visualizer script to /home/susan/osprey_ws/install/px4_offboard/lib/px4_offboard
[2.138s] writing list of installed files to '/home/susan/osprey_ws/build/px4_offboard/install.log'
[2.176s] Invoked command in '/home/susan/osprey_ws/src/px4-offboard' returned '0': PYTHONPATH=/home/susan/osprey_ws/build/px4_offboard/prefix_override:/usr/lib/python3/dist-packages/colcon_core/task/python/colcon_distutils_commands:/home/susan/osprey_ws/install/px4_offboard/lib/python3.10/site-packages:${PYTHONPATH} /usr/bin/python3 -W ignore:setup.py install is deprecated -W ignore:easy_install command is deprecated setup.py egg_info --egg-base ../../build/px4_offboard build --build-base /home/susan/osprey_ws/build/px4_offboard/build install --record /home/susan/osprey_ws/build/px4_offboard/install.log --single-version-externally-managed install_data
