[0.012s] Invoking command in '/home/susan/osprey_ws/build/drone_description': CMAKE_PREFIX_PATH=${CMAKE_PREFIX_PATH}:/home/susan/osprey_ws/install/vl53l8cx_ros:/opt/ros/humble /usr/bin/cmake /home/susan/osprey_ws/src/drone_description -DAMENT_CMAKE_SYMLINK_INSTALL=1 -DCMAKE_INSTALL_PREFIX=/home/susan/osprey_ws/install/drone_description
[0.076s] -- The C compiler identification is GNU 11.4.0
[0.139s] -- The CXX compiler identification is GNU 11.4.0
[0.145s] -- Detecting C compiler ABI info
[0.216s] -- Detecting C compiler ABI info - done
[0.225s] -- Check for working C compiler: /usr/bin/cc - skipped
[0.226s] -- Detecting C compile features
[0.226s] -- Detecting C compile features - done
[0.230s] -- Detecting CXX compiler ABI info
[0.301s] -- Detecting CXX compiler ABI info - done
[0.307s] -- Check for working CXX compiler: /usr/bin/c++ - skipped
[0.307s] -- Detecting CXX compile features
[0.307s] -- Detecting CXX compile features - done
[0.309s] -- Found ament_cmake: 1.3.11 (/opt/ros/humble/share/ament_cmake/cmake)
[0.633s] -- Found Python3: /usr/bin/python3 (found version "3.10.12") found components: Interpreter 
[0.696s] -- Override CMake install command with custom implementation using symlinks instead of copying resources
[0.724s] -- Found ament_lint_auto: 0.12.12 (/opt/ros/humble/share/ament_lint_auto/cmake)
[0.802s] -- Added test 'flake8' to check Python code syntax and style conventions
[0.802s] -- Added test 'lint_cmake' to check CMake code style
[0.803s] -- Added test 'pep257' to check Python code against some of the docstring style conventions in PEP 257
[0.804s] -- Added test 'xmllint' to check XML markup files
[0.805s] -- Configuring done
[0.806s] -- Generating done
[0.808s] -- Build files have been written to: /home/susan/osprey_ws/build/drone_description
[0.811s] Invoked command in '/home/susan/osprey_ws/build/drone_description' returned '0': CMAKE_PREFIX_PATH=${CMAKE_PREFIX_PATH}:/home/susan/osprey_ws/install/vl53l8cx_ros:/opt/ros/humble /usr/bin/cmake /home/susan/osprey_ws/src/drone_description -DAMENT_CMAKE_SYMLINK_INSTALL=1 -DCMAKE_INSTALL_PREFIX=/home/susan/osprey_ws/install/drone_description
[0.813s] Invoking command in '/home/susan/osprey_ws/build/drone_description': CMAKE_PREFIX_PATH=${CMAKE_PREFIX_PATH}:/home/susan/osprey_ws/install/vl53l8cx_ros:/opt/ros/humble /usr/bin/cmake --build /home/susan/osprey_ws/build/drone_description -- -j16 -l16
[0.851s] Invoked command in '/home/susan/osprey_ws/build/drone_description' returned '0': CMAKE_PREFIX_PATH=${CMAKE_PREFIX_PATH}:/home/susan/osprey_ws/install/vl53l8cx_ros:/opt/ros/humble /usr/bin/cmake --build /home/susan/osprey_ws/build/drone_description -- -j16 -l16
[0.863s] Invoking command in '/home/susan/osprey_ws/build/drone_description': CMAKE_PREFIX_PATH=${CMAKE_PREFIX_PATH}:/home/susan/osprey_ws/install/vl53l8cx_ros:/opt/ros/humble /usr/bin/cmake --install /home/susan/osprey_ws/build/drone_description
[0.869s] -- Install configuration: ""
[0.869s] -- Execute custom install script
[0.870s] -- Symlinking: /home/susan/osprey_ws/install/drone_description/share/drone_description/urdf/PI_CAM/pi_cam.urdf.xacro
[0.877s] -- Symlinking: /home/susan/osprey_ws/install/drone_description/share/drone_description/urdf/_t265.gazebo.xacro
[0.885s] -- Symlinking: /home/susan/osprey_ws/install/drone_description/share/drone_description/urdf/_t265.urdf.xacro
[0.894s] -- Symlinking: /home/susan/osprey_ws/install/drone_description/share/drone_description/urdf/base1.urdf.xacro
[0.902s] -- Symlinking: /home/susan/osprey_ws/install/drone_description/share/drone_description/urdf/l515_urdf/_l515.urdf.xacro
[0.909s] -- Symlinking: /home/susan/osprey_ws/install/drone_description/share/drone_description/urdf/l515_urdf/_materials.urdf.xacro
[0.917s] -- Symlinking: /home/susan/osprey_ws/install/drone_description/share/drone_description/urdf/l515_urdf/_usb_plug.urdf.xacro
[0.925s] -- Symlinking: /home/susan/osprey_ws/install/drone_description/share/drone_description/urdf/osprey.urdf.xacro
[0.934s] -- Symlinking: /home/susan/osprey_ws/install/drone_description/share/drone_description/urdf/osprey_base.urdf.xacro
[0.943s] -- Symlinking: /home/susan/osprey_ws/install/drone_description/share/drone_description/urdf/osprey_sensors (copy).xacro
[0.950s] -- Symlinking: /home/susan/osprey_ws/install/drone_description/share/drone_description/urdf/osprey_sensors.urdf
[0.957s] -- Symlinking: /home/susan/osprey_ws/install/drone_description/share/drone_description/urdf/osprey_sensors.xacro
[0.968s] -- Symlinking: /home/susan/osprey_ws/install/drone_description/share/drone_description/worlds/drone_world.sdf
[0.976s] -- Symlinking: /home/susan/osprey_ws/install/drone_description/share/drone_description/launch/gazebo.launch.py
[0.983s] -- Symlinking: /home/susan/osprey_ws/install/drone_description/share/drone_description/launch/spawn_osprey.launch
[0.991s] -- Symlinking: /home/susan/osprey_ws/install/drone_description/share/drone_description/launch/spawn_osprey.launch.py
[0.999s] -- Symlinking: /home/susan/osprey_ws/install/drone_description/share/drone_description/launch/transform_launch.py
[1.007s] -- Symlinking: /home/susan/osprey_ws/install/drone_description/share/drone_description/meshes/final_product_urdf.dae
[1.016s] -- Symlinking: /home/susan/osprey_ws/install/drone_description/share/drone_description/meshes/final_product_urdf.stl
[1.025s] -- Symlinking: /home/susan/osprey_ws/install/drone_description/share/drone_description/meshes/hummingbird.dae
[1.033s] -- Symlinking: /home/susan/osprey_ws/install/drone_description/share/drone_description/meshes/l515.dae
[1.042s] -- Symlinking: /home/susan/osprey_ws/install/drone_description/share/drone_description/meshes/osprey_model_urdf.STL
[1.051s] -- Symlinking: /home/susan/osprey_ws/install/drone_description/share/drone_description/meshes/osprey_model_urdf.dae
[1.067s] -- Symlinking: /home/susan/osprey_ws/install/drone_description/share/drone_description/meshes/pi_cam.dae
[1.084s] -- Symlinking: /home/susan/osprey_ws/install/drone_description/share/drone_description/meshes/pi_cam.stl
[1.101s] -- Symlinking: /home/susan/osprey_ws/install/drone_description/share/drone_description/meshes/quadcopter_base.dae
[1.115s] -- Symlinking: /home/susan/osprey_ws/install/drone_description/share/drone_description/meshes/quadcopter_base.stl
[1.125s] -- Symlinking: /home/susan/osprey_ws/install/drone_description/share/drone_description/meshes/realsense_t265.stl
[1.141s] -- Symlinking: /home/susan/osprey_ws/install/drone_description/share/drone_description/meshes/t265_full.stl
[1.157s] -- Symlinking: /home/susan/osprey_ws/install/drone_description/share/drone_description/meshes/t265_simplified.stl
[1.167s] -- Symlinking: /home/susan/osprey_ws/install/drone_description/share/drone_description/meshes/vl53l8cx_carrier.STL
[1.175s] -- Symlinking: /home/susan/osprey_ws/install/drone_description/share/drone_description/meshes/vl53l8cx_carrier.dae
[1.184s] -- Symlinking: /home/susan/osprey_ws/install/drone_description/share/drone_description/rviz/osprey_config.rviz
[1.194s] -- Symlinking: /home/susan/osprey_ws/install/drone_description/share/ament_index/resource_index/package_run_dependencies/drone_description
[1.205s] -- Symlinking: /home/susan/osprey_ws/install/drone_description/share/ament_index/resource_index/parent_prefix_path/drone_description
[1.225s] -- Symlinking: /home/susan/osprey_ws/install/drone_description/share/drone_description/environment/ament_prefix_path.sh
[1.244s] -- Symlinking: /home/susan/osprey_ws/install/drone_description/share/drone_description/environment/ament_prefix_path.dsv
[1.267s] -- Symlinking: /home/susan/osprey_ws/install/drone_description/share/drone_description/environment/path.sh
[1.289s] -- Symlinking: /home/susan/osprey_ws/install/drone_description/share/drone_description/environment/path.dsv
[1.300s] -- Symlinking: /home/susan/osprey_ws/install/drone_description/share/drone_description/local_setup.bash
[1.308s] -- Symlinking: /home/susan/osprey_ws/install/drone_description/share/drone_description/local_setup.sh
[1.317s] -- Symlinking: /home/susan/osprey_ws/install/drone_description/share/drone_description/local_setup.zsh
[1.331s] -- Symlinking: /home/susan/osprey_ws/install/drone_description/share/drone_description/local_setup.dsv
[1.345s] -- Symlinking: /home/susan/osprey_ws/install/drone_description/share/drone_description/package.dsv
[1.358s] -- Symlinking: /home/susan/osprey_ws/install/drone_description/share/ament_index/resource_index/packages/drone_description
[1.375s] -- Symlinking: /home/susan/osprey_ws/install/drone_description/share/drone_description/cmake/drone_descriptionConfig.cmake
[1.394s] -- Symlinking: /home/susan/osprey_ws/install/drone_description/share/drone_description/cmake/drone_descriptionConfig-version.cmake
[1.416s] -- Symlinking: /home/susan/osprey_ws/install/drone_description/share/drone_description/package.xml
[1.441s] Invoked command in '/home/susan/osprey_ws/build/drone_description' returned '0': CMAKE_PREFIX_PATH=${CMAKE_PREFIX_PATH}:/home/susan/osprey_ws/install/vl53l8cx_ros:/opt/ros/humble /usr/bin/cmake --install /home/susan/osprey_ws/build/drone_description
