[1.484s] Invoking command in '/home/susan/osprey_ws/src/vl53l8cx_ros': PYTHONPATH=/home/susan/osprey_ws/build/vl53l8cx_ros/prefix_override:/usr/lib/python3/dist-packages/colcon_core/task/python/colcon_distutils_commands:/home/susan/osprey_ws/install/vl53l8cx_ros/lib/python3.10/site-packages:${PYTHONPATH} /usr/bin/python3 -W ignore:setup.py install is deprecated -W ignore:easy_install command is deprecated setup.py egg_info --egg-base ../../build/vl53l8cx_ros build --build-base /home/susan/osprey_ws/build/vl53l8cx_ros/build install --record /home/susan/osprey_ws/build/vl53l8cx_ros/install.log --single-version-externally-managed install_data
[1.740s] /home/susan/.local/lib/python3.10/site-packages/setuptools/_distutils/dist.py:289: UserWarning: Unknown distribution option: 'tests_require'
[1.740s]   warnings.warn(msg)
[1.866s] running egg_info
[1.886s] writing ../../build/vl53l8cx_ros/vl53l8cx_ros.egg-info/PKG-INFO
[1.886s] writing dependency_links to ../../build/vl53l8cx_ros/vl53l8cx_ros.egg-info/dependency_links.txt
[1.887s] writing entry points to ../../build/vl53l8cx_ros/vl53l8cx_ros.egg-info/entry_points.txt
[1.887s] writing requirements to ../../build/vl53l8cx_ros/vl53l8cx_ros.egg-info/requires.txt
[1.887s] writing top-level names to ../../build/vl53l8cx_ros/vl53l8cx_ros.egg-info/top_level.txt
[1.931s] reading manifest file '../../build/vl53l8cx_ros/vl53l8cx_ros.egg-info/SOURCES.txt'
[1.933s] writing manifest file '../../build/vl53l8cx_ros/vl53l8cx_ros.egg-info/SOURCES.txt'
[1.934s] running build
[1.934s] running build_py
[1.934s] copying vl53l8cx_ros/yaw_spin.py -> /home/susan/osprey_ws/build/vl53l8cx_ros/build/lib/vl53l8cx_ros
[1.935s] copying vl53l8cx_ros/control.py -> /home/susan/osprey_ws/build/vl53l8cx_ros/build/lib/vl53l8cx_ros
[1.935s] copying vl53l8cx_ros/__init__.py -> /home/susan/osprey_ws/build/vl53l8cx_ros/build/lib/vl53l8cx_ros
[1.935s] copying vl53l8cx_ros/visualizer.py -> /home/susan/osprey_ws/build/vl53l8cx_ros/build/lib/vl53l8cx_ros
[1.936s] copying vl53l8cx_ros/depth_point_each.py -> /home/susan/osprey_ws/build/vl53l8cx_ros/build/lib/vl53l8cx_ros
[1.936s] copying vl53l8cx_ros/processes.py -> /home/susan/osprey_ws/build/vl53l8cx_ros/build/lib/vl53l8cx_ros
[1.936s] copying vl53l8cx_ros/vl53l8cx_pointcloud.py -> /home/susan/osprey_ws/build/vl53l8cx_ros/build/lib/vl53l8cx_ros
[1.936s] copying vl53l8cx_ros/velocity_control.py -> /home/susan/osprey_ws/build/vl53l8cx_ros/build/lib/vl53l8cx_ros
[1.936s] copying vl53l8cx_ros/nav_odom_tf_broadcaster.py -> /home/susan/osprey_ws/build/vl53l8cx_ros/build/lib/vl53l8cx_ros
[1.936s] copying vl53l8cx_ros/sensor_each_pointcloud.py -> /home/susan/osprey_ws/build/vl53l8cx_ros/build/lib/vl53l8cx_ros
[1.936s] copying vl53l8cx_ros/px4_fused_sensors.py -> /home/susan/osprey_ws/build/vl53l8cx_ros/build/lib/vl53l8cx_ros
[1.936s] copying vl53l8cx_ros/fused_sensors.py -> /home/susan/osprey_ws/build/vl53l8cx_ros/build/lib/vl53l8cx_ros
[1.937s] running install
[1.945s] running install_lib
[1.968s] copying /home/susan/osprey_ws/build/vl53l8cx_ros/build/lib/vl53l8cx_ros/vl53l8cx_pointcloud.py -> /home/susan/osprey_ws/install/vl53l8cx_ros/lib/python3.10/site-packages/vl53l8cx_ros
[1.970s] byte-compiling /home/susan/osprey_ws/install/vl53l8cx_ros/lib/python3.10/site-packages/vl53l8cx_ros/vl53l8cx_pointcloud.py to vl53l8cx_pointcloud.cpython-310.pyc
[1.972s] running install_data
[1.972s] copying resource/vl53l8cx_ros -> /home/susan/osprey_ws/install/vl53l8cx_ros/share/ament_index/resource_index/packages
[1.973s] copying package.xml -> /home/susan/osprey_ws/install/vl53l8cx_ros/share/vl53l8cx_ros
[1.973s] copying launch/offboard_osprey_control.launch.py -> /home/susan/osprey_ws/install/vl53l8cx_ros/share/vl53l8cx_ros
[1.973s] copying msg/MultiZoneRange.msg -> /home/susan/osprey_ws/install/vl53l8cx_ros/share/vl53l8cx_ros/msg
[1.974s] running install_egg_info
[1.997s] removing '/home/susan/osprey_ws/install/vl53l8cx_ros/lib/python3.10/site-packages/vl53l8cx_ros-0.0.0-py3.10.egg-info' (and everything under it)
[1.997s] Copying ../../build/vl53l8cx_ros/vl53l8cx_ros.egg-info to /home/susan/osprey_ws/install/vl53l8cx_ros/lib/python3.10/site-packages/vl53l8cx_ros-0.0.0-py3.10.egg-info
[1.998s] running install_scripts
[2.177s] Installing control script to /home/susan/osprey_ws/install/vl53l8cx_ros/lib/vl53l8cx_ros
[2.178s] Installing depth_point_each script to /home/susan/osprey_ws/install/vl53l8cx_ros/lib/vl53l8cx_ros
[2.178s] Installing fused_sensors script to /home/susan/osprey_ws/install/vl53l8cx_ros/lib/vl53l8cx_ros
[2.178s] Installing nav_odom_tf_broadcaster script to /home/susan/osprey_ws/install/vl53l8cx_ros/lib/vl53l8cx_ros
[2.178s] Installing processes script to /home/susan/osprey_ws/install/vl53l8cx_ros/lib/vl53l8cx_ros
[2.178s] Installing px4_fused_sensors script to /home/susan/osprey_ws/install/vl53l8cx_ros/lib/vl53l8cx_ros
[2.179s] Installing sensor_each_pointcloud script to /home/susan/osprey_ws/install/vl53l8cx_ros/lib/vl53l8cx_ros
[2.179s] Installing vehicle_odom_to_nav_odom script to /home/susan/osprey_ws/install/vl53l8cx_ros/lib/vl53l8cx_ros
[2.179s] Installing velocity_control script to /home/susan/osprey_ws/install/vl53l8cx_ros/lib/vl53l8cx_ros
[2.179s] Installing visualizer script to /home/susan/osprey_ws/install/vl53l8cx_ros/lib/vl53l8cx_ros
[2.179s] Installing vl53l8cx_pointcloud script to /home/susan/osprey_ws/install/vl53l8cx_ros/lib/vl53l8cx_ros
[2.179s] Installing yaw_spin script to /home/susan/osprey_ws/install/vl53l8cx_ros/lib/vl53l8cx_ros
[2.180s] writing list of installed files to '/home/susan/osprey_ws/build/vl53l8cx_ros/install.log'
[2.227s] Invoked command in '/home/susan/osprey_ws/src/vl53l8cx_ros' returned '0': PYTHONPATH=/home/susan/osprey_ws/build/vl53l8cx_ros/prefix_override:/usr/lib/python3/dist-packages/colcon_core/task/python/colcon_distutils_commands:/home/susan/osprey_ws/install/vl53l8cx_ros/lib/python3.10/site-packages:${PYTHONPATH} /usr/bin/python3 -W ignore:setup.py install is deprecated -W ignore:easy_install command is deprecated setup.py egg_info --egg-base ../../build/vl53l8cx_ros build --build-base /home/susan/osprey_ws/build/vl53l8cx_ros/build install --record /home/susan/osprey_ws/build/vl53l8cx_ros/install.log --single-version-externally-managed install_data
