/home/susan/osprey_ws/install/vl53l8cx_ros/lib/python3.10/site-packages/vl53l8cx_ros/potential_field_computer.py
/home/susan/osprey_ws/install/vl53l8cx_ros/lib/python3.10/site-packages/vl53l8cx_ros/plotjuggler_visualizer.py
/home/susan/osprey_ws/install/vl53l8cx_ros/lib/python3.10/site-packages/vl53l8cx_ros/vfh_planner_node.py
/home/susan/osprey_ws/install/vl53l8cx_ros/lib/python3.10/site-packages/vl53l8cx_ros/__init__.py
/home/susan/osprey_ws/install/vl53l8cx_ros/lib/python3.10/site-packages/vl53l8cx_ros/offboard_without_VFH.py
/home/susan/osprey_ws/install/vl53l8cx_ros/lib/python3.10/site-packages/vl53l8cx_ros/depth_point_each.py
/home/susan/osprey_ws/install/vl53l8cx_ros/lib/python3.10/site-packages/vl53l8cx_ros/vl53l8cx_pointcloud.py
/home/susan/osprey_ws/install/vl53l8cx_ros/lib/python3.10/site-packages/vl53l8cx_ros/ray_visualizer.py
/home/susan/osprey_ws/install/vl53l8cx_ros/lib/python3.10/site-packages/vl53l8cx_ros/nav_odom_tf_broadcaster.py
/home/susan/osprey_ws/install/vl53l8cx_ros/lib/python3.10/site-packages/vl53l8cx_ros/sensor_each_pointcloud.py
/home/susan/osprey_ws/install/vl53l8cx_ros/lib/python3.10/site-packages/vl53l8cx_ros/px4_fused_sensors.py
/home/susan/osprey_ws/install/vl53l8cx_ros/lib/python3.10/site-packages/vl53l8cx_ros/octomap_builder_node.py
/home/susan/osprey_ws/install/vl53l8cx_ros/lib/python3.10/site-packages/vl53l8cx_ros/offboard_control.py
/home/susan/osprey_ws/install/vl53l8cx_ros/lib/python3.10/site-packages/vl53l8cx_ros/__pycache__/potential_field_computer.cpython-310.pyc
/home/susan/osprey_ws/install/vl53l8cx_ros/lib/python3.10/site-packages/vl53l8cx_ros/__pycache__/plotjuggler_visualizer.cpython-310.pyc
/home/susan/osprey_ws/install/vl53l8cx_ros/lib/python3.10/site-packages/vl53l8cx_ros/__pycache__/vfh_planner_node.cpython-310.pyc
/home/susan/osprey_ws/install/vl53l8cx_ros/lib/python3.10/site-packages/vl53l8cx_ros/__pycache__/__init__.cpython-310.pyc
/home/susan/osprey_ws/install/vl53l8cx_ros/lib/python3.10/site-packages/vl53l8cx_ros/__pycache__/offboard_without_VFH.cpython-310.pyc
/home/susan/osprey_ws/install/vl53l8cx_ros/lib/python3.10/site-packages/vl53l8cx_ros/__pycache__/depth_point_each.cpython-310.pyc
/home/susan/osprey_ws/install/vl53l8cx_ros/lib/python3.10/site-packages/vl53l8cx_ros/__pycache__/vl53l8cx_pointcloud.cpython-310.pyc
/home/susan/osprey_ws/install/vl53l8cx_ros/lib/python3.10/site-packages/vl53l8cx_ros/__pycache__/ray_visualizer.cpython-310.pyc
/home/susan/osprey_ws/install/vl53l8cx_ros/lib/python3.10/site-packages/vl53l8cx_ros/__pycache__/nav_odom_tf_broadcaster.cpython-310.pyc
/home/susan/osprey_ws/install/vl53l8cx_ros/lib/python3.10/site-packages/vl53l8cx_ros/__pycache__/sensor_each_pointcloud.cpython-310.pyc
/home/susan/osprey_ws/install/vl53l8cx_ros/lib/python3.10/site-packages/vl53l8cx_ros/__pycache__/px4_fused_sensors.cpython-310.pyc
/home/susan/osprey_ws/install/vl53l8cx_ros/lib/python3.10/site-packages/vl53l8cx_ros/__pycache__/octomap_builder_node.cpython-310.pyc
/home/susan/osprey_ws/install/vl53l8cx_ros/lib/python3.10/site-packages/vl53l8cx_ros/__pycache__/offboard_control.cpython-310.pyc
/home/susan/osprey_ws/install/vl53l8cx_ros/share/ament_index/resource_index/packages/vl53l8cx_ros
/home/susan/osprey_ws/install/vl53l8cx_ros/share/vl53l8cx_ros/package.xml
/home/susan/osprey_ws/install/vl53l8cx_ros/share/vl53l8cx_ros/offboard_osprey_control.launch.py
/home/susan/osprey_ws/install/vl53l8cx_ros/share/vl53l8cx_ros/msg/MultiZoneRange.msg
/home/susan/osprey_ws/install/vl53l8cx_ros/lib/python3.10/site-packages/vl53l8cx_ros-0.0.0-py3.10.egg-info/SOURCES.txt
/home/susan/osprey_ws/install/vl53l8cx_ros/lib/python3.10/site-packages/vl53l8cx_ros-0.0.0-py3.10.egg-info/PKG-INFO
/home/susan/osprey_ws/install/vl53l8cx_ros/lib/python3.10/site-packages/vl53l8cx_ros-0.0.0-py3.10.egg-info/requires.txt
/home/susan/osprey_ws/install/vl53l8cx_ros/lib/python3.10/site-packages/vl53l8cx_ros-0.0.0-py3.10.egg-info/top_level.txt
/home/susan/osprey_ws/install/vl53l8cx_ros/lib/python3.10/site-packages/vl53l8cx_ros-0.0.0-py3.10.egg-info/dependency_links.txt
/home/susan/osprey_ws/install/vl53l8cx_ros/lib/python3.10/site-packages/vl53l8cx_ros-0.0.0-py3.10.egg-info/zip-safe
/home/susan/osprey_ws/install/vl53l8cx_ros/lib/python3.10/site-packages/vl53l8cx_ros-0.0.0-py3.10.egg-info/entry_points.txt
/home/susan/osprey_ws/install/vl53l8cx_ros/lib/vl53l8cx_ros/depth_point_each
/home/susan/osprey_ws/install/vl53l8cx_ros/lib/vl53l8cx_ros/nav_odom_tf_broadcaster
/home/susan/osprey_ws/install/vl53l8cx_ros/lib/vl53l8cx_ros/octomap_builder_node
/home/susan/osprey_ws/install/vl53l8cx_ros/lib/vl53l8cx_ros/offboard_control
/home/susan/osprey_ws/install/vl53l8cx_ros/lib/vl53l8cx_ros/plotjuggler_visualizer
/home/susan/osprey_ws/install/vl53l8cx_ros/lib/vl53l8cx_ros/potential_field_computer
/home/susan/osprey_ws/install/vl53l8cx_ros/lib/vl53l8cx_ros/px4_fused_sensors
/home/susan/osprey_ws/install/vl53l8cx_ros/lib/vl53l8cx_ros/ray_visualizer
/home/susan/osprey_ws/install/vl53l8cx_ros/lib/vl53l8cx_ros/sensor_each_pointcloud
/home/susan/osprey_ws/install/vl53l8cx_ros/lib/vl53l8cx_ros/vfh_planner_node
/home/susan/osprey_ws/install/vl53l8cx_ros/lib/vl53l8cx_ros/vl53l8cx_pointcloud
