[0.184s] DEBUG:colcon:Command line arguments: ['/usr/bin/colcon', 'build']
[0.184s] DEBUG:colcon:Parsed command line arguments: Namespace(log_base=None, log_level=None, verb_name='build', build_base='build', install_base='install', merge_install=False, symlink_install=False, test_result_base=None, continue_on_error=False, executor='parallel', parallel_workers=16, event_handlers=None, ignore_user_meta=False, metas=['./colcon.meta'], base_paths=['.'], packages_ignore=None, packages_ignore_regex=None, paths=None, packages_up_to=None, packages_up_to_regex=None, packages_above=None, packages_above_and_dependencies=None, packages_above_depth=None, packages_select_by_dep=None, packages_skip_by_dep=None, packages_skip_up_to=None, packages_select_build_failed=False, packages_skip_build_finished=False, packages_select_test_failures=False, packages_skip_test_passed=False, packages_select=None, packages_skip=None, packages_select_regex=None, packages_skip_regex=None, packages_start=None, packages_end=None, allow_overriding=[], cmake_args=None, cmake_target=None, cmake_target_skip_unavailable=False, cmake_clean_cache=False, cmake_clean_first=False, cmake_force_configure=False, ament_cmake_args=None, catkin_cmake_args=None, catkin_skip_building_tests=False, verb_parser=<colcon_defaults.argument_parser.defaults.DefaultArgumentsDecorator object at 0x7cb4b175ab00>, verb_extension=<colcon_core.verb.build.BuildVerb object at 0x7cb4b175a590>, main=<bound method BuildVerb.main of <colcon_core.verb.build.BuildVerb object at 0x7cb4b175a590>>)
[0.258s] Level 1:colcon.colcon_core.package_discovery:discover_packages(colcon_meta) check parameters
[0.258s] Level 1:colcon.colcon_core.package_discovery:discover_packages(recursive) check parameters
[0.258s] Level 1:colcon.colcon_core.package_discovery:discover_packages(ignore) check parameters
[0.258s] Level 1:colcon.colcon_core.package_discovery:discover_packages(path) check parameters
[0.259s] Level 1:colcon.colcon_core.package_discovery:discover_packages(colcon_meta) discover
[0.259s] Level 1:colcon.colcon_core.package_discovery:discover_packages(recursive) discover
[0.259s] INFO:colcon.colcon_core.package_discovery:Crawling recursively for packages in '/home/susan/osprey_ws'
[0.259s] Level 1:colcon.colcon_core.package_identification:_identify(.) by extensions ['ignore', 'ignore_ament_install']
[0.259s] Level 1:colcon.colcon_core.package_identification:_identify(.) by extension 'ignore'
[0.259s] Level 1:colcon.colcon_core.package_identification:_identify(.) by extension 'ignore_ament_install'
[0.259s] Level 1:colcon.colcon_core.package_identification:_identify(.) by extensions ['colcon_pkg']
[0.259s] Level 1:colcon.colcon_core.package_identification:_identify(.) by extension 'colcon_pkg'
[0.259s] Level 1:colcon.colcon_core.package_identification:_identify(.) by extensions ['colcon_meta']
[0.259s] Level 1:colcon.colcon_core.package_identification:_identify(.) by extension 'colcon_meta'
[0.259s] Level 1:colcon.colcon_core.package_identification:_identify(.) by extensions ['ros']
[0.259s] Level 1:colcon.colcon_core.package_identification:_identify(.) by extension 'ros'
[0.302s] Level 1:colcon.colcon_core.package_identification:_identify(.) by extensions ['cmake', 'python']
[0.303s] Level 1:colcon.colcon_core.package_identification:_identify(.) by extension 'cmake'
[0.303s] Level 1:colcon.colcon_core.package_identification:_identify(.) by extension 'python'
[0.303s] Level 1:colcon.colcon_core.package_identification:_identify(.) by extensions ['python_setup_py']
[0.303s] Level 1:colcon.colcon_core.package_identification:_identify(.) by extension 'python_setup_py'
[0.303s] Level 1:colcon.colcon_core.package_identification:_identify(build) by extensions ['ignore', 'ignore_ament_install']
[0.303s] Level 1:colcon.colcon_core.package_identification:_identify(build) by extension 'ignore'
[0.303s] Level 1:colcon.colcon_core.package_identification:_identify(build) ignored
[0.304s] Level 1:colcon.colcon_core.package_identification:_identify(install) by extensions ['ignore', 'ignore_ament_install']
[0.304s] Level 1:colcon.colcon_core.package_identification:_identify(install) by extension 'ignore'
[0.304s] Level 1:colcon.colcon_core.package_identification:_identify(install) ignored
[0.305s] Level 1:colcon.colcon_core.package_identification:_identify(log) by extensions ['ignore', 'ignore_ament_install']
[0.305s] Level 1:colcon.colcon_core.package_identification:_identify(log) by extension 'ignore'
[0.306s] Level 1:colcon.colcon_core.package_identification:_identify(log) ignored
[0.306s] Level 1:colcon.colcon_core.package_identification:_identify(src) by extensions ['ignore', 'ignore_ament_install']
[0.306s] Level 1:colcon.colcon_core.package_identification:_identify(src) by extension 'ignore'
[0.306s] Level 1:colcon.colcon_core.package_identification:_identify(src) by extension 'ignore_ament_install'
[0.306s] Level 1:colcon.colcon_core.package_identification:_identify(src) by extensions ['colcon_pkg']
[0.306s] Level 1:colcon.colcon_core.package_identification:_identify(src) by extension 'colcon_pkg'
[0.306s] Level 1:colcon.colcon_core.package_identification:_identify(src) by extensions ['colcon_meta']
[0.306s] Level 1:colcon.colcon_core.package_identification:_identify(src) by extension 'colcon_meta'
[0.306s] Level 1:colcon.colcon_core.package_identification:_identify(src) by extensions ['ros']
[0.306s] Level 1:colcon.colcon_core.package_identification:_identify(src) by extension 'ros'
[0.306s] Level 1:colcon.colcon_core.package_identification:_identify(src) by extensions ['cmake', 'python']
[0.306s] Level 1:colcon.colcon_core.package_identification:_identify(src) by extension 'cmake'
[0.306s] Level 1:colcon.colcon_core.package_identification:_identify(src) by extension 'python'
[0.306s] Level 1:colcon.colcon_core.package_identification:_identify(src) by extensions ['python_setup_py']
[0.306s] Level 1:colcon.colcon_core.package_identification:_identify(src) by extension 'python_setup_py'
[0.306s] Level 1:colcon.colcon_core.package_identification:_identify(src/drone_description) by extensions ['ignore', 'ignore_ament_install']
[0.307s] Level 1:colcon.colcon_core.package_identification:_identify(src/drone_description) by extension 'ignore'
[0.307s] Level 1:colcon.colcon_core.package_identification:_identify(src/drone_description) by extension 'ignore_ament_install'
[0.307s] Level 1:colcon.colcon_core.package_identification:_identify(src/drone_description) by extensions ['colcon_pkg']
[0.307s] Level 1:colcon.colcon_core.package_identification:_identify(src/drone_description) by extension 'colcon_pkg'
[0.307s] Level 1:colcon.colcon_core.package_identification:_identify(src/drone_description) by extensions ['colcon_meta']
[0.307s] Level 1:colcon.colcon_core.package_identification:_identify(src/drone_description) by extension 'colcon_meta'
[0.307s] Level 1:colcon.colcon_core.package_identification:_identify(src/drone_description) by extensions ['ros']
[0.307s] Level 1:colcon.colcon_core.package_identification:_identify(src/drone_description) by extension 'ros'
[0.310s] DEBUG:colcon.colcon_core.package_identification:Package 'src/drone_description' with type 'ros.ament_cmake' and name 'drone_description'
[0.311s] Level 1:colcon.colcon_core.package_identification:_identify(src/px4-offboard) by extensions ['ignore', 'ignore_ament_install']
[0.311s] Level 1:colcon.colcon_core.package_identification:_identify(src/px4-offboard) by extension 'ignore'
[0.311s] Level 1:colcon.colcon_core.package_identification:_identify(src/px4-offboard) by extension 'ignore_ament_install'
[0.311s] Level 1:colcon.colcon_core.package_identification:_identify(src/px4-offboard) by extensions ['colcon_pkg']
[0.311s] Level 1:colcon.colcon_core.package_identification:_identify(src/px4-offboard) by extension 'colcon_pkg'
[0.311s] Level 1:colcon.colcon_core.package_identification:_identify(src/px4-offboard) by extensions ['colcon_meta']
[0.311s] Level 1:colcon.colcon_core.package_identification:_identify(src/px4-offboard) by extension 'colcon_meta'
[0.311s] Level 1:colcon.colcon_core.package_identification:_identify(src/px4-offboard) by extensions ['ros']
[0.311s] Level 1:colcon.colcon_core.package_identification:_identify(src/px4-offboard) by extension 'ros'
[0.312s] DEBUG:colcon.colcon_core.package_identification:Package 'src/px4-offboard' with type 'ros.ament_python' and name 'px4_offboard'
[0.312s] Level 1:colcon.colcon_core.package_identification:_identify(src/vl53l8cx_ros) by extensions ['ignore', 'ignore_ament_install']
[0.312s] Level 1:colcon.colcon_core.package_identification:_identify(src/vl53l8cx_ros) by extension 'ignore'
[0.312s] Level 1:colcon.colcon_core.package_identification:_identify(src/vl53l8cx_ros) by extension 'ignore_ament_install'
[0.312s] Level 1:colcon.colcon_core.package_identification:_identify(src/vl53l8cx_ros) by extensions ['colcon_pkg']
[0.312s] Level 1:colcon.colcon_core.package_identification:_identify(src/vl53l8cx_ros) by extension 'colcon_pkg'
[0.312s] Level 1:colcon.colcon_core.package_identification:_identify(src/vl53l8cx_ros) by extensions ['colcon_meta']
[0.312s] Level 1:colcon.colcon_core.package_identification:_identify(src/vl53l8cx_ros) by extension 'colcon_meta'
[0.313s] Level 1:colcon.colcon_core.package_identification:_identify(src/vl53l8cx_ros) by extensions ['ros']
[0.313s] Level 1:colcon.colcon_core.package_identification:_identify(src/vl53l8cx_ros) by extension 'ros'
[0.313s] DEBUG:colcon.colcon_core.package_identification:Package 'src/vl53l8cx_ros' with type 'ros.ament_python' and name 'vl53l8cx_ros'
[0.314s] Level 1:colcon.colcon_core.package_discovery:discover_packages(recursive) using defaults
[0.314s] Level 1:colcon.colcon_core.package_discovery:discover_packages(ignore) discover
[0.314s] Level 1:colcon.colcon_core.package_discovery:discover_packages(ignore) using defaults
[0.314s] Level 1:colcon.colcon_core.package_discovery:discover_packages(path) discover
[0.314s] Level 1:colcon.colcon_core.package_discovery:discover_packages(path) using defaults
[0.341s] Level 1:colcon.colcon_core.package_discovery:discover_packages(prefix_path) check parameters
[0.341s] Level 1:colcon.colcon_core.package_discovery:discover_packages(prefix_path) discover
[0.345s] DEBUG:colcon.colcon_installed_package_information.package_discovery:Found 3 installed packages in /home/susan/osprey_ws/install
[0.345s] DEBUG:colcon.colcon_installed_package_information.package_discovery:Found 2 installed packages in /home/susan/ws_sensor_combined/install
[0.347s] DEBUG:colcon.colcon_installed_package_information.package_discovery:Found 407 installed packages in /opt/ros/humble
[0.349s] Level 1:colcon.colcon_core.package_discovery:discover_packages(prefix_path) using defaults
[0.413s] Level 5:colcon.colcon_core.verb:set package 'drone_description' build argument 'cmake_args' from command line to 'None'
[0.414s] Level 5:colcon.colcon_core.verb:set package 'drone_description' build argument 'cmake_target' from command line to 'None'
[0.414s] Level 5:colcon.colcon_core.verb:set package 'drone_description' build argument 'cmake_target_skip_unavailable' from command line to 'False'
[0.414s] Level 5:colcon.colcon_core.verb:set package 'drone_description' build argument 'cmake_clean_cache' from command line to 'False'
[0.414s] Level 5:colcon.colcon_core.verb:set package 'drone_description' build argument 'cmake_clean_first' from command line to 'False'
[0.414s] Level 5:colcon.colcon_core.verb:set package 'drone_description' build argument 'cmake_force_configure' from command line to 'False'
[0.414s] Level 5:colcon.colcon_core.verb:set package 'drone_description' build argument 'ament_cmake_args' from command line to 'None'
[0.414s] Level 5:colcon.colcon_core.verb:set package 'drone_description' build argument 'catkin_cmake_args' from command line to 'None'
[0.414s] Level 5:colcon.colcon_core.verb:set package 'drone_description' build argument 'catkin_skip_building_tests' from command line to 'False'
[0.414s] DEBUG:colcon.colcon_core.verb:Building package 'drone_description' with the following arguments: {'ament_cmake_args': None, 'build_base': '/home/susan/osprey_ws/build/drone_description', 'catkin_cmake_args': None, 'catkin_skip_building_tests': False, 'cmake_args': None, 'cmake_clean_cache': False, 'cmake_clean_first': False, 'cmake_force_configure': False, 'cmake_target': None, 'cmake_target_skip_unavailable': False, 'install_base': '/home/susan/osprey_ws/install/drone_description', 'merge_install': False, 'path': '/home/susan/osprey_ws/src/drone_description', 'symlink_install': False, 'test_result_base': None}
[0.416s] Level 5:colcon.colcon_core.verb:set package 'px4_offboard' build argument 'cmake_args' from command line to 'None'
[0.416s] Level 5:colcon.colcon_core.verb:set package 'px4_offboard' build argument 'cmake_target' from command line to 'None'
[0.416s] Level 5:colcon.colcon_core.verb:set package 'px4_offboard' build argument 'cmake_target_skip_unavailable' from command line to 'False'
[0.417s] Level 5:colcon.colcon_core.verb:set package 'px4_offboard' build argument 'cmake_clean_cache' from command line to 'False'
[0.417s] Level 5:colcon.colcon_core.verb:set package 'px4_offboard' build argument 'cmake_clean_first' from command line to 'False'
[0.417s] Level 5:colcon.colcon_core.verb:set package 'px4_offboard' build argument 'cmake_force_configure' from command line to 'False'
[0.417s] Level 5:colcon.colcon_core.verb:set package 'px4_offboard' build argument 'ament_cmake_args' from command line to 'None'
[0.417s] Level 5:colcon.colcon_core.verb:set package 'px4_offboard' build argument 'catkin_cmake_args' from command line to 'None'
[0.417s] Level 5:colcon.colcon_core.verb:set package 'px4_offboard' build argument 'catkin_skip_building_tests' from command line to 'False'
[0.417s] DEBUG:colcon.colcon_core.verb:Building package 'px4_offboard' with the following arguments: {'ament_cmake_args': None, 'build_base': '/home/susan/osprey_ws/build/px4_offboard', 'catkin_cmake_args': None, 'catkin_skip_building_tests': False, 'cmake_args': None, 'cmake_clean_cache': False, 'cmake_clean_first': False, 'cmake_force_configure': False, 'cmake_target': None, 'cmake_target_skip_unavailable': False, 'install_base': '/home/susan/osprey_ws/install/px4_offboard', 'merge_install': False, 'path': '/home/susan/osprey_ws/src/px4-offboard', 'symlink_install': False, 'test_result_base': None}
[0.418s] Level 5:colcon.colcon_core.verb:set package 'vl53l8cx_ros' build argument 'cmake_args' from command line to 'None'
[0.419s] Level 5:colcon.colcon_core.verb:set package 'vl53l8cx_ros' build argument 'cmake_target' from command line to 'None'
[0.419s] Level 5:colcon.colcon_core.verb:set package 'vl53l8cx_ros' build argument 'cmake_target_skip_unavailable' from command line to 'False'
[0.419s] Level 5:colcon.colcon_core.verb:set package 'vl53l8cx_ros' build argument 'cmake_clean_cache' from command line to 'False'
[0.419s] Level 5:colcon.colcon_core.verb:set package 'vl53l8cx_ros' build argument 'cmake_clean_first' from command line to 'False'
[0.419s] Level 5:colcon.colcon_core.verb:set package 'vl53l8cx_ros' build argument 'cmake_force_configure' from command line to 'False'
[0.419s] Level 5:colcon.colcon_core.verb:set package 'vl53l8cx_ros' build argument 'ament_cmake_args' from command line to 'None'
[0.419s] Level 5:colcon.colcon_core.verb:set package 'vl53l8cx_ros' build argument 'catkin_cmake_args' from command line to 'None'
[0.419s] Level 5:colcon.colcon_core.verb:set package 'vl53l8cx_ros' build argument 'catkin_skip_building_tests' from command line to 'False'
[0.420s] DEBUG:colcon.colcon_core.verb:Building package 'vl53l8cx_ros' with the following arguments: {'ament_cmake_args': None, 'build_base': '/home/susan/osprey_ws/build/vl53l8cx_ros', 'catkin_cmake_args': None, 'catkin_skip_building_tests': False, 'cmake_args': None, 'cmake_clean_cache': False, 'cmake_clean_first': False, 'cmake_force_configure': False, 'cmake_target': None, 'cmake_target_skip_unavailable': False, 'install_base': '/home/susan/osprey_ws/install/vl53l8cx_ros', 'merge_install': False, 'path': '/home/susan/osprey_ws/src/vl53l8cx_ros', 'symlink_install': False, 'test_result_base': None}
[0.420s] INFO:colcon.colcon_core.executor:Executing jobs using 'parallel' executor
[0.422s] DEBUG:colcon.colcon_parallel_executor.executor.parallel:run_until_complete
[0.423s] INFO:colcon.colcon_ros.task.ament_cmake.build:Building ROS package in '/home/susan/osprey_ws/src/drone_description' with build type 'ament_cmake'
[0.423s] INFO:colcon.colcon_cmake.task.cmake.build:Building CMake package in '/home/susan/osprey_ws/src/drone_description'
[0.427s] INFO:colcon.colcon_core.plugin_system:Skipping extension 'colcon_core.shell.bat': Not used on non-Windows systems
[0.428s] INFO:colcon.colcon_core.shell:Skip shell extension 'powershell' for command environment: Not usable outside of PowerShell
[0.428s] DEBUG:colcon.colcon_core.shell:Skip shell extension 'dsv' for command environment
[0.434s] INFO:colcon.colcon_ros.task.ament_python.build:Building ROS package in '/home/susan/osprey_ws/src/px4-offboard' with build type 'ament_python'
[0.434s] Level 1:colcon.colcon_core.shell:create_environment_hook('px4_offboard', 'ament_prefix_path')
[0.434s] INFO:colcon.colcon_core.shell:Creating environment hook '/home/susan/osprey_ws/install/px4_offboard/share/px4_offboard/hook/ament_prefix_path.ps1'
[0.435s] INFO:colcon.colcon_core.shell:Creating environment descriptor '/home/susan/osprey_ws/install/px4_offboard/share/px4_offboard/hook/ament_prefix_path.dsv'
[0.436s] INFO:colcon.colcon_core.shell:Creating environment hook '/home/susan/osprey_ws/install/px4_offboard/share/px4_offboard/hook/ament_prefix_path.sh'
[0.439s] INFO:colcon.colcon_core.shell:Skip shell extension 'powershell' for command environment: Not usable outside of PowerShell
[0.439s] DEBUG:colcon.colcon_core.shell:Skip shell extension 'dsv' for command environment
[0.449s] INFO:colcon.colcon_ros.task.ament_python.build:Building ROS package in '/home/susan/osprey_ws/src/vl53l8cx_ros' with build type 'ament_python'
[0.450s] Level 1:colcon.colcon_core.shell:create_environment_hook('vl53l8cx_ros', 'ament_prefix_path')
[0.452s] INFO:colcon.colcon_core.shell:Creating environment hook '/home/susan/osprey_ws/install/vl53l8cx_ros/share/vl53l8cx_ros/hook/ament_prefix_path.ps1'
[0.454s] INFO:colcon.colcon_core.shell:Creating environment descriptor '/home/susan/osprey_ws/install/vl53l8cx_ros/share/vl53l8cx_ros/hook/ament_prefix_path.dsv'
[0.455s] INFO:colcon.colcon_core.shell:Creating environment hook '/home/susan/osprey_ws/install/vl53l8cx_ros/share/vl53l8cx_ros/hook/ament_prefix_path.sh'
[0.456s] INFO:colcon.colcon_core.shell:Skip shell extension 'powershell' for command environment: Not usable outside of PowerShell
[0.456s] DEBUG:colcon.colcon_core.shell:Skip shell extension 'dsv' for command environment
[0.473s] DEBUG:colcon.colcon_core.event_handler.log_command:Invoking command in '/home/susan/osprey_ws/build/drone_description': CMAKE_PREFIX_PATH=${CMAKE_PREFIX_PATH}:/home/susan/osprey_ws/install/vl53l8cx_ros:/home/susan/osprey_ws/install/px4_offboard:/opt/ros/humble /usr/bin/cmake --build /home/susan/osprey_ws/build/drone_description -- -j16 -l16
[0.834s] INFO:colcon.colcon_core.task.python.build:Building Python package in '/home/susan/osprey_ws/src/px4-offboard'
[0.834s] INFO:colcon.colcon_core.shell:Skip shell extension 'powershell' for command environment: Not usable outside of PowerShell
[0.834s] DEBUG:colcon.colcon_core.shell:Skip shell extension 'dsv' for command environment
[1.128s] INFO:colcon.colcon_core.task.python.build:Building Python package in '/home/susan/osprey_ws/src/vl53l8cx_ros'
[1.128s] INFO:colcon.colcon_core.shell:Skip shell extension 'powershell' for command environment: Not usable outside of PowerShell
[1.129s] DEBUG:colcon.colcon_core.shell:Skip shell extension 'dsv' for command environment
[1.137s] DEBUG:colcon.colcon_core.event_handler.log_command:Invoked command in '/home/susan/osprey_ws/build/drone_description' returned '0': CMAKE_PREFIX_PATH=${CMAKE_PREFIX_PATH}:/home/susan/osprey_ws/install/vl53l8cx_ros:/home/susan/osprey_ws/install/px4_offboard:/opt/ros/humble /usr/bin/cmake --build /home/susan/osprey_ws/build/drone_description -- -j16 -l16
[1.160s] DEBUG:colcon.colcon_core.event_handler.log_command:Invoking command in '/home/susan/osprey_ws/build/drone_description': CMAKE_PREFIX_PATH=${CMAKE_PREFIX_PATH}:/home/susan/osprey_ws/install/vl53l8cx_ros:/home/susan/osprey_ws/install/px4_offboard:/opt/ros/humble /usr/bin/cmake --install /home/susan/osprey_ws/build/drone_description
[1.227s] Level 1:colcon.colcon_core.environment:create_environment_scripts_only(drone_description)
[1.228s] DEBUG:colcon.colcon_core.event_handler.log_command:Invoked command in '/home/susan/osprey_ws/build/drone_description' returned '0': CMAKE_PREFIX_PATH=${CMAKE_PREFIX_PATH}:/home/susan/osprey_ws/install/vl53l8cx_ros:/home/susan/osprey_ws/install/px4_offboard:/opt/ros/humble /usr/bin/cmake --install /home/susan/osprey_ws/build/drone_description
[1.236s] Level 1:colcon.colcon_core.environment:checking '/home/susan/osprey_ws/install/drone_description' for CMake module files
[1.238s] Level 1:colcon.colcon_core.environment:checking '/home/susan/osprey_ws/install/drone_description' for CMake config files
[1.239s] Level 1:colcon.colcon_core.shell:create_environment_hook('drone_description', 'cmake_prefix_path')
[1.240s] INFO:colcon.colcon_core.shell:Creating environment hook '/home/susan/osprey_ws/install/drone_description/share/drone_description/hook/cmake_prefix_path.ps1'
[1.242s] INFO:colcon.colcon_core.shell:Creating environment descriptor '/home/susan/osprey_ws/install/drone_description/share/drone_description/hook/cmake_prefix_path.dsv'
[1.243s] INFO:colcon.colcon_core.shell:Creating environment hook '/home/susan/osprey_ws/install/drone_description/share/drone_description/hook/cmake_prefix_path.sh'
[1.245s] Level 1:colcon.colcon_core.environment:checking '/home/susan/osprey_ws/install/drone_description/bin'
[1.245s] Level 1:colcon.colcon_core.environment:checking '/home/susan/osprey_ws/install/drone_description/lib/pkgconfig/drone_description.pc'
[1.246s] Level 1:colcon.colcon_core.environment:checking '/home/susan/osprey_ws/install/drone_description/lib/python3.10/site-packages'
[1.247s] Level 1:colcon.colcon_core.environment:checking '/home/susan/osprey_ws/install/drone_description/bin'
[1.248s] INFO:colcon.colcon_core.shell:Creating package script '/home/susan/osprey_ws/install/drone_description/share/drone_description/package.ps1'
[1.251s] INFO:colcon.colcon_core.shell:Creating package descriptor '/home/susan/osprey_ws/install/drone_description/share/drone_description/package.dsv'
[1.253s] INFO:colcon.colcon_core.shell:Creating package script '/home/susan/osprey_ws/install/drone_description/share/drone_description/package.sh'
[1.256s] INFO:colcon.colcon_core.shell:Creating package script '/home/susan/osprey_ws/install/drone_description/share/drone_description/package.bash'
[1.258s] INFO:colcon.colcon_core.shell:Creating package script '/home/susan/osprey_ws/install/drone_description/share/drone_description/package.zsh'
[1.261s] Level 1:colcon.colcon_core.environment:create_file_with_runtime_dependencies(/home/susan/osprey_ws/install/drone_description/share/colcon-core/packages/drone_description)
[1.263s] Level 1:colcon.colcon_core.environment:create_environment_scripts_only(drone_description)
[1.264s] Level 1:colcon.colcon_core.environment:checking '/home/susan/osprey_ws/install/drone_description' for CMake module files
[1.265s] Level 1:colcon.colcon_core.environment:checking '/home/susan/osprey_ws/install/drone_description' for CMake config files
[1.267s] Level 1:colcon.colcon_core.shell:create_environment_hook('drone_description', 'cmake_prefix_path')
[1.268s] INFO:colcon.colcon_core.shell:Creating environment hook '/home/susan/osprey_ws/install/drone_description/share/drone_description/hook/cmake_prefix_path.ps1'
[1.270s] INFO:colcon.colcon_core.shell:Creating environment descriptor '/home/susan/osprey_ws/install/drone_description/share/drone_description/hook/cmake_prefix_path.dsv'
[1.271s] INFO:colcon.colcon_core.shell:Creating environment hook '/home/susan/osprey_ws/install/drone_description/share/drone_description/hook/cmake_prefix_path.sh'
[1.272s] Level 1:colcon.colcon_core.environment:checking '/home/susan/osprey_ws/install/drone_description/bin'
[1.273s] Level 1:colcon.colcon_core.environment:checking '/home/susan/osprey_ws/install/drone_description/lib/pkgconfig/drone_description.pc'
[1.273s] Level 1:colcon.colcon_core.environment:checking '/home/susan/osprey_ws/install/drone_description/lib/python3.10/site-packages'
[1.273s] Level 1:colcon.colcon_core.environment:checking '/home/susan/osprey_ws/install/drone_description/bin'
[1.274s] INFO:colcon.colcon_core.shell:Creating package script '/home/susan/osprey_ws/install/drone_description/share/drone_description/package.ps1'
[1.276s] INFO:colcon.colcon_core.shell:Creating package descriptor '/home/susan/osprey_ws/install/drone_description/share/drone_description/package.dsv'
[1.277s] INFO:colcon.colcon_core.shell:Creating package script '/home/susan/osprey_ws/install/drone_description/share/drone_description/package.sh'
[1.279s] INFO:colcon.colcon_core.shell:Creating package script '/home/susan/osprey_ws/install/drone_description/share/drone_description/package.bash'
[1.280s] INFO:colcon.colcon_core.shell:Creating package script '/home/susan/osprey_ws/install/drone_description/share/drone_description/package.zsh'
[1.282s] Level 1:colcon.colcon_core.environment:create_file_with_runtime_dependencies(/home/susan/osprey_ws/install/drone_description/share/colcon-core/packages/drone_description)
[1.898s] DEBUG:colcon.colcon_core.event_handler.log_command:Invoking command in '/home/susan/osprey_ws/src/vl53l8cx_ros': PYTHONPATH=/home/susan/osprey_ws/build/vl53l8cx_ros/prefix_override:/usr/lib/python3/dist-packages/colcon_core/task/python/colcon_distutils_commands:/home/susan/osprey_ws/install/vl53l8cx_ros/lib/python3.10/site-packages:${PYTHONPATH} /usr/bin/python3 -W ignore:setup.py install is deprecated -W ignore:easy_install command is deprecated setup.py egg_info --egg-base ../../build/vl53l8cx_ros build --build-base /home/susan/osprey_ws/build/vl53l8cx_ros/build install --record /home/susan/osprey_ws/build/vl53l8cx_ros/install.log --single-version-externally-managed install_data
[1.943s] DEBUG:colcon.colcon_core.event_handler.log_command:Invoking command in '/home/susan/osprey_ws/src/px4-offboard': PYTHONPATH=/home/susan/osprey_ws/build/px4_offboard/prefix_override:/usr/lib/python3/dist-packages/colcon_core/task/python/colcon_distutils_commands:/home/susan/osprey_ws/install/px4_offboard/lib/python3.10/site-packages:${PYTHONPATH} /usr/bin/python3 -W ignore:setup.py install is deprecated -W ignore:easy_install command is deprecated setup.py egg_info --egg-base ../../build/px4_offboard build --build-base /home/susan/osprey_ws/build/px4_offboard/build install --record /home/susan/osprey_ws/build/px4_offboard/install.log --single-version-externally-managed install_data
[2.587s] Level 1:colcon.colcon_core.environment:checking '/home/susan/osprey_ws/install/vl53l8cx_ros' for CMake module files
[2.589s] DEBUG:colcon.colcon_core.event_handler.log_command:Invoked command in '/home/susan/osprey_ws/src/vl53l8cx_ros' returned '0': PYTHONPATH=/home/susan/osprey_ws/build/vl53l8cx_ros/prefix_override:/usr/lib/python3/dist-packages/colcon_core/task/python/colcon_distutils_commands:/home/susan/osprey_ws/install/vl53l8cx_ros/lib/python3.10/site-packages:${PYTHONPATH} /usr/bin/python3 -W ignore:setup.py install is deprecated -W ignore:easy_install command is deprecated setup.py egg_info --egg-base ../../build/vl53l8cx_ros build --build-base /home/susan/osprey_ws/build/vl53l8cx_ros/build install --record /home/susan/osprey_ws/build/vl53l8cx_ros/install.log --single-version-externally-managed install_data
[2.591s] Level 1:colcon.colcon_core.environment:checking '/home/susan/osprey_ws/install/vl53l8cx_ros' for CMake config files
[2.593s] Level 1:colcon.colcon_core.environment:checking '/home/susan/osprey_ws/install/vl53l8cx_ros/lib'
[2.594s] Level 1:colcon.colcon_core.environment:checking '/home/susan/osprey_ws/install/vl53l8cx_ros/bin'
[2.594s] Level 1:colcon.colcon_core.environment:checking '/home/susan/osprey_ws/install/vl53l8cx_ros/lib/pkgconfig/vl53l8cx_ros.pc'
[2.595s] Level 1:colcon.colcon_core.environment:checking '/home/susan/osprey_ws/install/vl53l8cx_ros/lib/python3.10/site-packages'
[2.595s] Level 1:colcon.colcon_core.shell:create_environment_hook('vl53l8cx_ros', 'pythonpath')
[2.596s] INFO:colcon.colcon_core.shell:Creating environment hook '/home/susan/osprey_ws/install/vl53l8cx_ros/share/vl53l8cx_ros/hook/pythonpath.ps1'
[2.598s] INFO:colcon.colcon_core.shell:Creating environment descriptor '/home/susan/osprey_ws/install/vl53l8cx_ros/share/vl53l8cx_ros/hook/pythonpath.dsv'
[2.600s] INFO:colcon.colcon_core.shell:Creating environment hook '/home/susan/osprey_ws/install/vl53l8cx_ros/share/vl53l8cx_ros/hook/pythonpath.sh'
[2.602s] Level 1:colcon.colcon_core.environment:checking '/home/susan/osprey_ws/install/vl53l8cx_ros/bin'
[2.603s] Level 1:colcon.colcon_core.environment:create_environment_scripts_only(vl53l8cx_ros)
[2.604s] INFO:colcon.colcon_core.shell:Creating package script '/home/susan/osprey_ws/install/vl53l8cx_ros/share/vl53l8cx_ros/package.ps1'
[2.606s] INFO:colcon.colcon_core.shell:Creating package descriptor '/home/susan/osprey_ws/install/vl53l8cx_ros/share/vl53l8cx_ros/package.dsv'
[2.608s] INFO:colcon.colcon_core.shell:Creating package script '/home/susan/osprey_ws/install/vl53l8cx_ros/share/vl53l8cx_ros/package.sh'
[2.610s] INFO:colcon.colcon_core.shell:Creating package script '/home/susan/osprey_ws/install/vl53l8cx_ros/share/vl53l8cx_ros/package.bash'
[2.612s] INFO:colcon.colcon_core.shell:Creating package script '/home/susan/osprey_ws/install/vl53l8cx_ros/share/vl53l8cx_ros/package.zsh'
[2.613s] Level 1:colcon.colcon_core.environment:create_file_with_runtime_dependencies(/home/susan/osprey_ws/install/vl53l8cx_ros/share/colcon-core/packages/vl53l8cx_ros)
[2.655s] Level 1:colcon.colcon_core.environment:checking '/home/susan/osprey_ws/install/px4_offboard' for CMake module files
[2.657s] DEBUG:colcon.colcon_core.event_handler.log_command:Invoked command in '/home/susan/osprey_ws/src/px4-offboard' returned '0': PYTHONPATH=/home/susan/osprey_ws/build/px4_offboard/prefix_override:/usr/lib/python3/dist-packages/colcon_core/task/python/colcon_distutils_commands:/home/susan/osprey_ws/install/px4_offboard/lib/python3.10/site-packages:${PYTHONPATH} /usr/bin/python3 -W ignore:setup.py install is deprecated -W ignore:easy_install command is deprecated setup.py egg_info --egg-base ../../build/px4_offboard build --build-base /home/susan/osprey_ws/build/px4_offboard/build install --record /home/susan/osprey_ws/build/px4_offboard/install.log --single-version-externally-managed install_data
[2.658s] Level 1:colcon.colcon_core.environment:checking '/home/susan/osprey_ws/install/px4_offboard' for CMake config files
[2.660s] Level 1:colcon.colcon_core.environment:checking '/home/susan/osprey_ws/install/px4_offboard/lib'
[2.661s] Level 1:colcon.colcon_core.environment:checking '/home/susan/osprey_ws/install/px4_offboard/bin'
[2.661s] Level 1:colcon.colcon_core.environment:checking '/home/susan/osprey_ws/install/px4_offboard/lib/pkgconfig/px4_offboard.pc'
[2.662s] Level 1:colcon.colcon_core.environment:checking '/home/susan/osprey_ws/install/px4_offboard/lib/python3.10/site-packages'
[2.662s] Level 1:colcon.colcon_core.shell:create_environment_hook('px4_offboard', 'pythonpath')
[2.663s] INFO:colcon.colcon_core.shell:Creating environment hook '/home/susan/osprey_ws/install/px4_offboard/share/px4_offboard/hook/pythonpath.ps1'
[2.665s] INFO:colcon.colcon_core.shell:Creating environment descriptor '/home/susan/osprey_ws/install/px4_offboard/share/px4_offboard/hook/pythonpath.dsv'
[2.665s] INFO:colcon.colcon_core.shell:Creating environment hook '/home/susan/osprey_ws/install/px4_offboard/share/px4_offboard/hook/pythonpath.sh'
[2.666s] Level 1:colcon.colcon_core.environment:checking '/home/susan/osprey_ws/install/px4_offboard/bin'
[2.666s] Level 1:colcon.colcon_core.environment:create_environment_scripts_only(px4_offboard)
[2.666s] INFO:colcon.colcon_core.shell:Creating package script '/home/susan/osprey_ws/install/px4_offboard/share/px4_offboard/package.ps1'
[2.667s] INFO:colcon.colcon_core.shell:Creating package descriptor '/home/susan/osprey_ws/install/px4_offboard/share/px4_offboard/package.dsv'
[2.667s] INFO:colcon.colcon_core.shell:Creating package script '/home/susan/osprey_ws/install/px4_offboard/share/px4_offboard/package.sh'
[2.667s] INFO:colcon.colcon_core.shell:Creating package script '/home/susan/osprey_ws/install/px4_offboard/share/px4_offboard/package.bash'
[2.668s] INFO:colcon.colcon_core.shell:Creating package script '/home/susan/osprey_ws/install/px4_offboard/share/px4_offboard/package.zsh'
[2.668s] Level 1:colcon.colcon_core.environment:create_file_with_runtime_dependencies(/home/susan/osprey_ws/install/px4_offboard/share/colcon-core/packages/px4_offboard)
[2.669s] DEBUG:colcon.colcon_parallel_executor.executor.parallel:closing loop
[2.669s] DEBUG:colcon.colcon_parallel_executor.executor.parallel:loop closed
[2.669s] DEBUG:colcon.colcon_parallel_executor.executor.parallel:run_until_complete finished with '0'
[2.669s] DEBUG:colcon.colcon_core.event_reactor:joining thread
[2.698s] INFO:colcon.colcon_core.plugin_system:Skipping extension 'colcon_notification.desktop_notification.terminal_notifier': Not used on non-Darwin systems
[2.698s] INFO:colcon.colcon_core.plugin_system:Skipping extension 'colcon_notification.desktop_notification.win32': Not used on non-Windows systems
[2.698s] INFO:colcon.colcon_notification.desktop_notification:Sending desktop notification using 'notify2'
[2.719s] DEBUG:colcon.colcon_core.event_reactor:joined thread
[2.719s] INFO:colcon.colcon_core.shell:Creating prefix script '/home/susan/osprey_ws/install/local_setup.ps1'
[2.722s] INFO:colcon.colcon_core.shell:Creating prefix util module '/home/susan/osprey_ws/install/_local_setup_util_ps1.py'
[2.725s] INFO:colcon.colcon_core.shell:Creating prefix chain script '/home/susan/osprey_ws/install/setup.ps1'
[2.728s] INFO:colcon.colcon_core.shell:Creating prefix script '/home/susan/osprey_ws/install/local_setup.sh'
[2.730s] INFO:colcon.colcon_core.shell:Creating prefix util module '/home/susan/osprey_ws/install/_local_setup_util_sh.py'
[2.731s] INFO:colcon.colcon_core.shell:Creating prefix chain script '/home/susan/osprey_ws/install/setup.sh'
[2.732s] INFO:colcon.colcon_core.shell:Creating prefix script '/home/susan/osprey_ws/install/local_setup.bash'
[2.735s] INFO:colcon.colcon_core.shell:Creating prefix chain script '/home/susan/osprey_ws/install/setup.bash'
[2.737s] INFO:colcon.colcon_core.shell:Creating prefix script '/home/susan/osprey_ws/install/local_setup.zsh'
[2.738s] INFO:colcon.colcon_core.shell:Creating prefix chain script '/home/susan/osprey_ws/install/setup.zsh'
