[0.600s] Invoking command in '/home/susan/osprey_ws/build/vl53l8cx_ros': PYTHONPATH=/home/susan/osprey_ws/build/vl53l8cx_ros/prefix_override:/usr/lib/python3/dist-packages/colcon_core/task/python/colcon_distutils_commands:/home/susan/osprey_ws/install/vl53l8cx_ros/lib/python3.10/site-packages:${PYTHONPATH} /usr/bin/python3 -W ignore:setup.py install is deprecated -W ignore:easy_install command is deprecated setup.py develop --editable --build-directory /home/susan/osprey_ws/build/vl53l8cx_ros/build --no-deps symlink_data
[0.729s] /home/susan/.local/lib/python3.10/site-packages/setuptools/_distutils/dist.py:289: UserWarning: Unknown distribution option: 'tests_require'
[0.729s]   warnings.warn(msg)
[0.836s] running develop
[0.976s] running egg_info
[0.985s] writing vl53l8cx_ros.egg-info/PKG-INFO
[0.985s] writing dependency_links to vl53l8cx_ros.egg-info/dependency_links.txt
[0.986s] writing entry points to vl53l8cx_ros.egg-info/entry_points.txt
[0.986s] writing requirements to vl53l8cx_ros.egg-info/requires.txt
[0.986s] writing top-level names to vl53l8cx_ros.egg-info/top_level.txt
[1.005s] reading manifest file 'vl53l8cx_ros.egg-info/SOURCES.txt'
[1.006s] writing manifest file 'vl53l8cx_ros.egg-info/SOURCES.txt'
[1.015s] running build_ext
[1.015s] Creating /home/susan/osprey_ws/install/vl53l8cx_ros/lib/python3.10/site-packages/vl53l8cx-ros.egg-link (link to .)
[1.016s] Installing depth_point_each script to /home/susan/osprey_ws/install/vl53l8cx_ros/lib/vl53l8cx_ros
[1.016s] Installing fused_sensors script to /home/susan/osprey_ws/install/vl53l8cx_ros/lib/vl53l8cx_ros
[1.016s] Installing px4_fused_sensors script to /home/susan/osprey_ws/install/vl53l8cx_ros/lib/vl53l8cx_ros
[1.016s] Installing sensor_each_pointcloud script to /home/susan/osprey_ws/install/vl53l8cx_ros/lib/vl53l8cx_ros
[1.016s] Installing vehicle_odom_to_nav_odom script to /home/susan/osprey_ws/install/vl53l8cx_ros/lib/vl53l8cx_ros
[1.017s] Installing vl53l8cx_pointcloud script to /home/susan/osprey_ws/install/vl53l8cx_ros/lib/vl53l8cx_ros
[1.017s] Installing yaw_spin script to /home/susan/osprey_ws/install/vl53l8cx_ros/lib/vl53l8cx_ros
[1.017s] 
[1.017s] Installed /home/susan/osprey_ws/build/vl53l8cx_ros
[1.017s] running symlink_data
[1.046s] Invoked command in '/home/susan/osprey_ws/build/vl53l8cx_ros' returned '0': PYTHONPATH=/home/susan/osprey_ws/build/vl53l8cx_ros/prefix_override:/usr/lib/python3/dist-packages/colcon_core/task/python/colcon_distutils_commands:/home/susan/osprey_ws/install/vl53l8cx_ros/lib/python3.10/site-packages:${PYTHONPATH} /usr/bin/python3 -W ignore:setup.py install is deprecated -W ignore:easy_install command is deprecated setup.py develop --editable --build-directory /home/susan/osprey_ws/build/vl53l8cx_ros/build --no-deps symlink_data
