[0.036s] Invoking command in '/home/susan/osprey_ws/build/drone_description': CMAKE_PREFIX_PATH=${CMAKE_PREFIX_PATH}:/home/susan/osprey_ws/install/vl53l8cx_ros:/opt/ros/humble /usr/bin/cmake /home/susan/osprey_ws/src/drone_description -DCMAKE_INSTALL_PREFIX=/home/susan/osprey_ws/install/drone_description
[0.066s] -- Found ament_cmake: 1.3.11 (/opt/ros/humble/share/ament_cmake/cmake)
[0.319s] -- Override CMake install command with custom implementation using symlinks instead of copying resources
[0.332s] -- Found ament_lint_auto: 0.12.12 (/opt/ros/humble/share/ament_lint_auto/cmake)
[0.494s] -- Added test 'flake8' to check Python code syntax and style conventions
[0.495s] -- Added test 'lint_cmake' to check CMake code style
[0.495s] -- Added test 'pep257' to check Python code against some of the docstring style conventions in PEP 257
[0.500s] -- Added test 'xmllint' to check XML markup files
[0.505s] -- Configuring done
[0.517s] -- Generating done
[0.519s] -- Build files have been written to: /home/susan/osprey_ws/build/drone_description
[0.523s] Invoked command in '/home/susan/osprey_ws/build/drone_description' returned '0': CMAKE_PREFIX_PATH=${CMAKE_PREFIX_PATH}:/home/susan/osprey_ws/install/vl53l8cx_ros:/opt/ros/humble /usr/bin/cmake /home/susan/osprey_ws/src/drone_description -DCMAKE_INSTALL_PREFIX=/home/susan/osprey_ws/install/drone_description
[0.527s] Invoking command in '/home/susan/osprey_ws/build/drone_description': CMAKE_PREFIX_PATH=${CMAKE_PREFIX_PATH}:/home/susan/osprey_ws/install/vl53l8cx_ros:/opt/ros/humble /usr/bin/cmake --build /home/susan/osprey_ws/build/drone_description -- -j16 -l16
[0.585s] Invoked command in '/home/susan/osprey_ws/build/drone_description' returned '0': CMAKE_PREFIX_PATH=${CMAKE_PREFIX_PATH}:/home/susan/osprey_ws/install/vl53l8cx_ros:/opt/ros/humble /usr/bin/cmake --build /home/susan/osprey_ws/build/drone_description -- -j16 -l16
[0.611s] Invoking command in '/home/susan/osprey_ws/build/drone_description': CMAKE_PREFIX_PATH=${CMAKE_PREFIX_PATH}:/home/susan/osprey_ws/install/vl53l8cx_ros:/opt/ros/humble /usr/bin/cmake --install /home/susan/osprey_ws/build/drone_description
[0.622s] -- Install configuration: ""
[0.623s] -- Execute custom install script
[0.625s] -- Up-to-date symlink: /home/susan/osprey_ws/install/drone_description/share/drone_description/urdf/PI_CAM/pi_cam.urdf.xacro
[0.625s] -- Up-to-date symlink: /home/susan/osprey_ws/install/drone_description/share/drone_description/urdf/_t265.gazebo.xacro
[0.625s] -- Up-to-date symlink: /home/susan/osprey_ws/install/drone_description/share/drone_description/urdf/_t265.urdf.xacro
[0.626s] -- Up-to-date symlink: /home/susan/osprey_ws/install/drone_description/share/drone_description/urdf/base1.urdf.xacro
[0.626s] -- Up-to-date symlink: /home/susan/osprey_ws/install/drone_description/share/drone_description/urdf/l515_urdf/_l515.urdf.xacro
[0.626s] -- Up-to-date symlink: /home/susan/osprey_ws/install/drone_description/share/drone_description/urdf/l515_urdf/_materials.urdf.xacro
[0.626s] -- Up-to-date symlink: /home/susan/osprey_ws/install/drone_description/share/drone_description/urdf/l515_urdf/_usb_plug.urdf.xacro
[0.626s] -- Up-to-date symlink: /home/susan/osprey_ws/install/drone_description/share/drone_description/urdf/osprey.urdf.xacro
[0.627s] -- Up-to-date symlink: /home/susan/osprey_ws/install/drone_description/share/drone_description/urdf/osprey_base.urdf.xacro
[0.627s] -- Up-to-date symlink: /home/susan/osprey_ws/install/drone_description/share/drone_description/urdf/osprey_sensors (copy).xacro
[0.627s] -- Up-to-date symlink: /home/susan/osprey_ws/install/drone_description/share/drone_description/urdf/osprey_sensors.urdf
[0.627s] -- Up-to-date symlink: /home/susan/osprey_ws/install/drone_description/share/drone_description/urdf/osprey_sensors.xacro
[0.627s] -- Up-to-date symlink: /home/susan/osprey_ws/install/drone_description/share/drone_description/worlds/drone_world.sdf
[0.627s] -- Up-to-date symlink: /home/susan/osprey_ws/install/drone_description/share/drone_description/launch/gazebo.launch.py
[0.627s] -- Up-to-date symlink: /home/susan/osprey_ws/install/drone_description/share/drone_description/launch/spawn_osprey.launch
[0.627s] -- Up-to-date symlink: /home/susan/osprey_ws/install/drone_description/share/drone_description/launch/spawn_osprey.launch.py
[0.627s] -- Up-to-date symlink: /home/susan/osprey_ws/install/drone_description/share/drone_description/launch/transform_launch.py
[0.627s] -- Up-to-date symlink: /home/susan/osprey_ws/install/drone_description/share/drone_description/meshes/final_product_urdf.dae
[0.627s] -- Up-to-date symlink: /home/susan/osprey_ws/install/drone_description/share/drone_description/meshes/final_product_urdf.stl
[0.627s] -- Up-to-date symlink: /home/susan/osprey_ws/install/drone_description/share/drone_description/meshes/hummingbird.dae
[0.627s] -- Up-to-date symlink: /home/susan/osprey_ws/install/drone_description/share/drone_description/meshes/l515.dae
[0.627s] -- Up-to-date symlink: /home/susan/osprey_ws/install/drone_description/share/drone_description/meshes/osprey_model_urdf.STL
[0.628s] -- Up-to-date symlink: /home/susan/osprey_ws/install/drone_description/share/drone_description/meshes/osprey_model_urdf.dae
[0.628s] -- Up-to-date symlink: /home/susan/osprey_ws/install/drone_description/share/drone_description/meshes/pi_cam.dae
[0.628s] -- Up-to-date symlink: /home/susan/osprey_ws/install/drone_description/share/drone_description/meshes/pi_cam.stl
[0.628s] -- Up-to-date symlink: /home/susan/osprey_ws/install/drone_description/share/drone_description/meshes/quadcopter_base.dae
[0.628s] -- Up-to-date symlink: /home/susan/osprey_ws/install/drone_description/share/drone_description/meshes/quadcopter_base.stl
[0.628s] -- Up-to-date symlink: /home/susan/osprey_ws/install/drone_description/share/drone_description/meshes/realsense_t265.stl
[0.628s] -- Up-to-date symlink: /home/susan/osprey_ws/install/drone_description/share/drone_description/meshes/t265_full.stl
[0.628s] -- Up-to-date symlink: /home/susan/osprey_ws/install/drone_description/share/drone_description/meshes/t265_simplified.stl
[0.628s] -- Up-to-date symlink: /home/susan/osprey_ws/install/drone_description/share/drone_description/meshes/vl53l8cx_carrier.STL
[0.628s] -- Up-to-date symlink: /home/susan/osprey_ws/install/drone_description/share/drone_description/meshes/vl53l8cx_carrier.dae
[0.628s] -- Up-to-date symlink: /home/susan/osprey_ws/install/drone_description/share/drone_description/rviz/osprey_config.rviz
[0.628s] -- Up-to-date symlink: /home/susan/osprey_ws/install/drone_description/share/ament_index/resource_index/package_run_dependencies/drone_description
[0.629s] -- Up-to-date symlink: /home/susan/osprey_ws/install/drone_description/share/ament_index/resource_index/parent_prefix_path/drone_description
[0.629s] -- Up-to-date symlink: /home/susan/osprey_ws/install/drone_description/share/drone_description/environment/ament_prefix_path.sh
[0.629s] -- Up-to-date symlink: /home/susan/osprey_ws/install/drone_description/share/drone_description/environment/ament_prefix_path.dsv
[0.629s] -- Up-to-date symlink: /home/susan/osprey_ws/install/drone_description/share/drone_description/environment/path.sh
[0.629s] -- Up-to-date symlink: /home/susan/osprey_ws/install/drone_description/share/drone_description/environment/path.dsv
[0.629s] -- Up-to-date symlink: /home/susan/osprey_ws/install/drone_description/share/drone_description/local_setup.bash
[0.629s] -- Up-to-date symlink: /home/susan/osprey_ws/install/drone_description/share/drone_description/local_setup.sh
[0.629s] -- Up-to-date symlink: /home/susan/osprey_ws/install/drone_description/share/drone_description/local_setup.zsh
[0.629s] -- Up-to-date symlink: /home/susan/osprey_ws/install/drone_description/share/drone_description/local_setup.dsv
[0.629s] -- Symlinking: /home/susan/osprey_ws/install/drone_description/share/drone_description/package.dsv
[0.641s] -- Up-to-date symlink: /home/susan/osprey_ws/install/drone_description/share/ament_index/resource_index/packages/drone_description
[0.641s] -- Up-to-date symlink: /home/susan/osprey_ws/install/drone_description/share/drone_description/cmake/drone_descriptionConfig.cmake
[0.641s] -- Up-to-date symlink: /home/susan/osprey_ws/install/drone_description/share/drone_description/cmake/drone_descriptionConfig-version.cmake
[0.641s] -- Up-to-date symlink: /home/susan/osprey_ws/install/drone_description/share/drone_description/package.xml
[0.645s] Invoked command in '/home/susan/osprey_ws/build/drone_description' returned '0': CMAKE_PREFIX_PATH=${CMAKE_PREFIX_PATH}:/home/susan/osprey_ws/install/vl53l8cx_ros:/opt/ros/humble /usr/bin/cmake --install /home/susan/osprey_ws/build/drone_description
