[1.449s] Invoking command in '/home/susan/osprey_ws/src/px4-offboard': PYTHONPATH=/home/susan/osprey_ws/build/px4_offboard/prefix_override:/usr/lib/python3/dist-packages/colcon_core/task/python/colcon_distutils_commands:/home/susan/osprey_ws/install/px4_offboard/lib/python3.10/site-packages:${PYTHONPATH} /usr/bin/python3 -W ignore:setup.py install is deprecated -W ignore:easy_install command is deprecated setup.py egg_info --egg-base ../../build/px4_offboard build --build-base /home/susan/osprey_ws/build/px4_offboard/build install --record /home/susan/osprey_ws/build/px4_offboard/install.log --single-version-externally-managed install_data
[1.698s] /home/susan/.local/lib/python3.10/site-packages/setuptools/_distutils/dist.py:289: UserWarning: Unknown distribution option: 'tests_require'
[1.699s]   warnings.warn(msg)
[1.817s] running egg_info
[1.835s] writing ../../build/px4_offboard/px4_offboard.egg-info/PKG-INFO
[1.835s] writing dependency_links to ../../build/px4_offboard/px4_offboard.egg-info/dependency_links.txt
[1.835s] writing entry points to ../../build/px4_offboard/px4_offboard.egg-info/entry_points.txt
[1.836s] writing requirements to ../../build/px4_offboard/px4_offboard.egg-info/requires.txt
[1.836s] writing top-level names to ../../build/px4_offboard/px4_offboard.egg-info/top_level.txt
[1.882s] reading manifest file '../../build/px4_offboard/px4_offboard.egg-info/SOURCES.txt'
[1.882s] adding license file 'LICENSE'
[1.884s] writing manifest file '../../build/px4_offboard/px4_offboard.egg-info/SOURCES.txt'
[1.884s] running build
[1.884s] running build_py
[1.884s] copying px4_offboard/__init__.py -> /home/susan/osprey_ws/build/px4_offboard/build/lib/px4_offboard
[1.884s] copying px4_offboard/visualizer.py -> /home/susan/osprey_ws/build/px4_offboard/build/lib/px4_offboard
[1.884s] copying px4_offboard/offboard_control.py -> /home/susan/osprey_ws/build/px4_offboard/build/lib/px4_offboard
[1.885s] running install
[1.890s] running install_lib
[1.922s] running install_data
[1.922s] copying resource/px4_offboard -> /home/susan/osprey_ws/install/px4_offboard/share/ament_index/resource_index/packages
[1.923s] copying resource/visualize.rviz -> /home/susan/osprey_ws/install/px4_offboard/share/ament_index/resource_index/packages
[1.924s] copying package.xml -> /home/susan/osprey_ws/install/px4_offboard/share/px4_offboard
[1.924s] copying launch/offboard_position_control.launch.py -> /home/susan/osprey_ws/install/px4_offboard/share/px4_offboard
[1.924s] copying launch/offboard_hardware_position_control.launch.py -> /home/susan/osprey_ws/install/px4_offboard/share/px4_offboard
[1.925s] copying launch/visualize.launch.py -> /home/susan/osprey_ws/install/px4_offboard/share/px4_offboard
[1.927s] copying resource/visualize.rviz -> /home/susan/osprey_ws/install/px4_offboard/share/px4_offboard
[1.927s] running install_egg_info
[1.958s] removing '/home/susan/osprey_ws/install/px4_offboard/lib/python3.10/site-packages/px4_offboard-0.0.0-py3.10.egg-info' (and everything under it)
[1.958s] Copying ../../build/px4_offboard/px4_offboard.egg-info to /home/susan/osprey_ws/install/px4_offboard/lib/python3.10/site-packages/px4_offboard-0.0.0-py3.10.egg-info
[1.962s] running install_scripts
[2.124s] Installing offboard_control script to /home/susan/osprey_ws/install/px4_offboard/lib/px4_offboard
[2.124s] Installing visualizer script to /home/susan/osprey_ws/install/px4_offboard/lib/px4_offboard
[2.124s] writing list of installed files to '/home/susan/osprey_ws/build/px4_offboard/install.log'
[2.165s] Invoked command in '/home/susan/osprey_ws/src/px4-offboard' returned '0': PYTHONPATH=/home/susan/osprey_ws/build/px4_offboard/prefix_override:/usr/lib/python3/dist-packages/colcon_core/task/python/colcon_distutils_commands:/home/susan/osprey_ws/install/px4_offboard/lib/python3.10/site-packages:${PYTHONPATH} /usr/bin/python3 -W ignore:setup.py install is deprecated -W ignore:easy_install command is deprecated setup.py egg_info --egg-base ../../build/px4_offboard build --build-base /home/susan/osprey_ws/build/px4_offboard/build install --record /home/susan/osprey_ws/build/px4_offboard/install.log --single-version-externally-managed install_data
