[1.678s] Invoking command in '/home/susan/osprey_ws/src/vl53l8cx_ros': PYTHONPATH=/home/susan/osprey_ws/build/vl53l8cx_ros/prefix_override:/usr/lib/python3/dist-packages/colcon_core/task/python/colcon_distutils_commands:/home/susan/osprey_ws/install/vl53l8cx_ros/lib/python3.10/site-packages:${PYTHONPATH} /usr/bin/python3 -W ignore:setup.py install is deprecated -W ignore:easy_install command is deprecated setup.py egg_info --egg-base ../../build/vl53l8cx_ros build --build-base /home/susan/osprey_ws/build/vl53l8cx_ros/build install --record /home/susan/osprey_ws/build/vl53l8cx_ros/install.log --single-version-externally-managed install_data
[1.998s] /home/susan/.local/lib/python3.10/site-packages/setuptools/_distutils/dist.py:289: UserWarning: Unknown distribution option: 'tests_require'
[1.998s]   warnings.warn(msg)
[2.122s] running egg_info
[2.139s] writing ../../build/vl53l8cx_ros/vl53l8cx_ros.egg-info/PKG-INFO
[2.140s] writing dependency_links to ../../build/vl53l8cx_ros/vl53l8cx_ros.egg-info/dependency_links.txt
[2.140s] writing entry points to ../../build/vl53l8cx_ros/vl53l8cx_ros.egg-info/entry_points.txt
[2.141s] writing requirements to ../../build/vl53l8cx_ros/vl53l8cx_ros.egg-info/requires.txt
[2.141s] writing top-level names to ../../build/vl53l8cx_ros/vl53l8cx_ros.egg-info/top_level.txt
[2.175s] reading manifest file '../../build/vl53l8cx_ros/vl53l8cx_ros.egg-info/SOURCES.txt'
[2.177s] writing manifest file '../../build/vl53l8cx_ros/vl53l8cx_ros.egg-info/SOURCES.txt'
[2.177s] running build
[2.177s] running build_py
[2.178s] copying vl53l8cx_ros/vfh_planner_node.py -> /home/susan/osprey_ws/build/vl53l8cx_ros/build/lib/vl53l8cx_ros
[2.178s] copying vl53l8cx_ros/__init__.py -> /home/susan/osprey_ws/build/vl53l8cx_ros/build/lib/vl53l8cx_ros
[2.178s] copying vl53l8cx_ros/depth_point_each.py -> /home/susan/osprey_ws/build/vl53l8cx_ros/build/lib/vl53l8cx_ros
[2.178s] copying vl53l8cx_ros/vl53l8cx_pointcloud.py -> /home/susan/osprey_ws/build/vl53l8cx_ros/build/lib/vl53l8cx_ros
[2.179s] copying vl53l8cx_ros/ray_visualizer.py -> /home/susan/osprey_ws/build/vl53l8cx_ros/build/lib/vl53l8cx_ros
[2.179s] copying vl53l8cx_ros/nav_odom_tf_broadcaster.py -> /home/susan/osprey_ws/build/vl53l8cx_ros/build/lib/vl53l8cx_ros
[2.179s] copying vl53l8cx_ros/sensor_each_pointcloud.py -> /home/susan/osprey_ws/build/vl53l8cx_ros/build/lib/vl53l8cx_ros
[2.179s] copying vl53l8cx_ros/px4_fused_sensors.py -> /home/susan/osprey_ws/build/vl53l8cx_ros/build/lib/vl53l8cx_ros
[2.179s] copying vl53l8cx_ros/offboard_control.py -> /home/susan/osprey_ws/build/vl53l8cx_ros/build/lib/vl53l8cx_ros
[2.180s] running install
[2.187s] running install_lib
[2.221s] copying /home/susan/osprey_ws/build/vl53l8cx_ros/build/lib/vl53l8cx_ros/offboard_control.py -> /home/susan/osprey_ws/install/vl53l8cx_ros/lib/python3.10/site-packages/vl53l8cx_ros
[2.222s] byte-compiling /home/susan/osprey_ws/install/vl53l8cx_ros/lib/python3.10/site-packages/vl53l8cx_ros/offboard_control.py to offboard_control.cpython-310.pyc
[2.228s] running install_data
[2.229s] copying resource/vl53l8cx_ros -> /home/susan/osprey_ws/install/vl53l8cx_ros/share/ament_index/resource_index/packages
[2.230s] copying package.xml -> /home/susan/osprey_ws/install/vl53l8cx_ros/share/vl53l8cx_ros
[2.231s] copying launch/offboard_osprey_control.launch.py -> /home/susan/osprey_ws/install/vl53l8cx_ros/share/vl53l8cx_ros
[2.232s] copying msg/MultiZoneRange.msg -> /home/susan/osprey_ws/install/vl53l8cx_ros/share/vl53l8cx_ros/msg
[2.233s] running install_egg_info
[2.292s] removing '/home/susan/osprey_ws/install/vl53l8cx_ros/lib/python3.10/site-packages/vl53l8cx_ros-0.0.0-py3.10.egg-info' (and everything under it)
[2.293s] Copying ../../build/vl53l8cx_ros/vl53l8cx_ros.egg-info to /home/susan/osprey_ws/install/vl53l8cx_ros/lib/python3.10/site-packages/vl53l8cx_ros-0.0.0-py3.10.egg-info
[2.297s] running install_scripts
[2.501s] Installing depth_point_each script to /home/susan/osprey_ws/install/vl53l8cx_ros/lib/vl53l8cx_ros
[2.502s] Installing nav_odom_tf_broadcaster script to /home/susan/osprey_ws/install/vl53l8cx_ros/lib/vl53l8cx_ros
[2.503s] Installing offboard_control script to /home/susan/osprey_ws/install/vl53l8cx_ros/lib/vl53l8cx_ros
[2.504s] Installing px4_fused_sensors script to /home/susan/osprey_ws/install/vl53l8cx_ros/lib/vl53l8cx_ros
[2.504s] Installing ray_visualizer script to /home/susan/osprey_ws/install/vl53l8cx_ros/lib/vl53l8cx_ros
[2.505s] Installing sensor_each_pointcloud script to /home/susan/osprey_ws/install/vl53l8cx_ros/lib/vl53l8cx_ros
[2.506s] Installing vfh_planner_node script to /home/susan/osprey_ws/install/vl53l8cx_ros/lib/vl53l8cx_ros
[2.506s] Installing vl53l8cx_pointcloud script to /home/susan/osprey_ws/install/vl53l8cx_ros/lib/vl53l8cx_ros
[2.509s] writing list of installed files to '/home/susan/osprey_ws/build/vl53l8cx_ros/install.log'
[2.563s] Invoked command in '/home/susan/osprey_ws/src/vl53l8cx_ros' returned '0': PYTHONPATH=/home/susan/osprey_ws/build/vl53l8cx_ros/prefix_override:/usr/lib/python3/dist-packages/colcon_core/task/python/colcon_distutils_commands:/home/susan/osprey_ws/install/vl53l8cx_ros/lib/python3.10/site-packages:${PYTHONPATH} /usr/bin/python3 -W ignore:setup.py install is deprecated -W ignore:easy_install command is deprecated setup.py egg_info --egg-base ../../build/vl53l8cx_ros build --build-base /home/susan/osprey_ws/build/vl53l8cx_ros/build install --record /home/susan/osprey_ws/build/vl53l8cx_ros/install.log --single-version-externally-managed install_data
