[0.060s] Invoking command in '/home/susan/osprey_ws/build/drone_description': CMAKE_PREFIX_PATH=${CMAKE_PREFIX_PATH}:/home/susan/osprey_ws/install/vl53l8cx_ros:/home/susan/osprey_ws/install/px4_offboard:/opt/ros/humble /usr/bin/cmake --build /home/susan/osprey_ws/build/drone_description -- -j16 -l16
[0.683s] Invoked command in '/home/susan/osprey_ws/build/drone_description' returned '0': CMAKE_PREFIX_PATH=${CMAKE_PREFIX_PATH}:/home/susan/osprey_ws/install/vl53l8cx_ros:/home/susan/osprey_ws/install/px4_offboard:/opt/ros/humble /usr/bin/cmake --build /home/susan/osprey_ws/build/drone_description -- -j16 -l16
[0.696s] Invoking command in '/home/susan/osprey_ws/build/drone_description': CMAKE_PREFIX_PATH=${CMAKE_PREFIX_PATH}:/home/susan/osprey_ws/install/vl53l8cx_ros:/home/susan/osprey_ws/install/px4_offboard:/opt/ros/humble /usr/bin/cmake --install /home/susan/osprey_ws/build/drone_description
[0.723s] -- Install configuration: ""
[0.724s] -- Execute custom install script
[0.726s] -- Up-to-date symlink: /home/susan/osprey_ws/install/drone_description/share/drone_description/urdf/PI_CAM/pi_cam.urdf.xacro
[0.727s] -- Up-to-date symlink: /home/susan/osprey_ws/install/drone_description/share/drone_description/urdf/_t265.gazebo.xacro
[0.727s] -- Up-to-date symlink: /home/susan/osprey_ws/install/drone_description/share/drone_description/urdf/_t265.urdf.xacro
[0.727s] -- Up-to-date symlink: /home/susan/osprey_ws/install/drone_description/share/drone_description/urdf/base1.urdf.xacro
[0.727s] -- Up-to-date symlink: /home/susan/osprey_ws/install/drone_description/share/drone_description/urdf/l515_urdf/_l515.urdf.xacro
[0.728s] -- Up-to-date symlink: /home/susan/osprey_ws/install/drone_description/share/drone_description/urdf/l515_urdf/_materials.urdf.xacro
[0.728s] -- Up-to-date symlink: /home/susan/osprey_ws/install/drone_description/share/drone_description/urdf/l515_urdf/_usb_plug.urdf.xacro
[0.728s] -- Up-to-date symlink: /home/susan/osprey_ws/install/drone_description/share/drone_description/urdf/osprey.urdf.xacro
[0.729s] -- Up-to-date symlink: /home/susan/osprey_ws/install/drone_description/share/drone_description/urdf/osprey_base.urdf.xacro
[0.729s] -- Up-to-date symlink: /home/susan/osprey_ws/install/drone_description/share/drone_description/urdf/osprey_sensors (copy).xacro
[0.730s] -- Up-to-date symlink: /home/susan/osprey_ws/install/drone_description/share/drone_description/urdf/osprey_sensors.urdf
[0.730s] -- Up-to-date symlink: /home/susan/osprey_ws/install/drone_description/share/drone_description/urdf/osprey_sensors.xacro
[0.731s] -- Up-to-date symlink: /home/susan/osprey_ws/install/drone_description/share/drone_description/worlds/drone_world.sdf
[0.732s] -- Up-to-date symlink: /home/susan/osprey_ws/install/drone_description/share/drone_description/launch/gazebo.launch.py
[0.732s] -- Up-to-date symlink: /home/susan/osprey_ws/install/drone_description/share/drone_description/launch/spawn_osprey.launch
[0.733s] -- Up-to-date symlink: /home/susan/osprey_ws/install/drone_description/share/drone_description/launch/spawn_osprey.launch.py
[0.733s] -- Up-to-date symlink: /home/susan/osprey_ws/install/drone_description/share/drone_description/launch/transform_launch.py
[0.735s] -- Up-to-date symlink: /home/susan/osprey_ws/install/drone_description/share/drone_description/meshes/final_product_urdf.dae
[0.735s] -- Up-to-date symlink: /home/susan/osprey_ws/install/drone_description/share/drone_description/meshes/final_product_urdf.stl
[0.736s] -- Up-to-date symlink: /home/susan/osprey_ws/install/drone_description/share/drone_description/meshes/hummingbird.dae
[0.736s] -- Up-to-date symlink: /home/susan/osprey_ws/install/drone_description/share/drone_description/meshes/l515.dae
[0.737s] -- Up-to-date symlink: /home/susan/osprey_ws/install/drone_description/share/drone_description/meshes/osprey_model_urdf.STL
[0.737s] -- Up-to-date symlink: /home/susan/osprey_ws/install/drone_description/share/drone_description/meshes/osprey_model_urdf.dae
[0.737s] -- Up-to-date symlink: /home/susan/osprey_ws/install/drone_description/share/drone_description/meshes/pi_cam.dae
[0.737s] -- Up-to-date symlink: /home/susan/osprey_ws/install/drone_description/share/drone_description/meshes/pi_cam.stl
[0.737s] -- Up-to-date symlink: /home/susan/osprey_ws/install/drone_description/share/drone_description/meshes/quadcopter_base.dae
[0.738s] -- Up-to-date symlink: /home/susan/osprey_ws/install/drone_description/share/drone_description/meshes/quadcopter_base.stl
[0.738s] -- Up-to-date symlink: /home/susan/osprey_ws/install/drone_description/share/drone_description/meshes/realsense_t265.stl
[0.738s] -- Up-to-date symlink: /home/susan/osprey_ws/install/drone_description/share/drone_description/meshes/t265_full.stl
[0.739s] -- Up-to-date symlink: /home/susan/osprey_ws/install/drone_description/share/drone_description/meshes/t265_simplified.stl
[0.739s] -- Up-to-date symlink: /home/susan/osprey_ws/install/drone_description/share/drone_description/meshes/vl53l8cx_carrier.STL
[0.740s] -- Up-to-date symlink: /home/susan/osprey_ws/install/drone_description/share/drone_description/meshes/vl53l8cx_carrier.dae
[0.741s] -- Up-to-date symlink: /home/susan/osprey_ws/install/drone_description/share/drone_description/rviz/osprey_config.rviz
[0.741s] -- Up-to-date symlink: /home/susan/osprey_ws/install/drone_description/share/ament_index/resource_index/package_run_dependencies/drone_description
[0.742s] -- Up-to-date symlink: /home/susan/osprey_ws/install/drone_description/share/ament_index/resource_index/parent_prefix_path/drone_description
[0.742s] -- Up-to-date symlink: /home/susan/osprey_ws/install/drone_description/share/drone_description/environment/ament_prefix_path.sh
[0.743s] -- Up-to-date symlink: /home/susan/osprey_ws/install/drone_description/share/drone_description/environment/ament_prefix_path.dsv
[0.743s] -- Up-to-date symlink: /home/susan/osprey_ws/install/drone_description/share/drone_description/environment/path.sh
[0.744s] -- Up-to-date symlink: /home/susan/osprey_ws/install/drone_description/share/drone_description/environment/path.dsv
[0.745s] -- Up-to-date symlink: /home/susan/osprey_ws/install/drone_description/share/drone_description/local_setup.bash
[0.745s] -- Up-to-date symlink: /home/susan/osprey_ws/install/drone_description/share/drone_description/local_setup.sh
[0.746s] -- Up-to-date symlink: /home/susan/osprey_ws/install/drone_description/share/drone_description/local_setup.zsh
[0.746s] -- Up-to-date symlink: /home/susan/osprey_ws/install/drone_description/share/drone_description/local_setup.dsv
[0.747s] -- Symlinking: /home/susan/osprey_ws/install/drone_description/share/drone_description/package.dsv
[0.761s] -- Up-to-date symlink: /home/susan/osprey_ws/install/drone_description/share/ament_index/resource_index/packages/drone_description
[0.762s] -- Up-to-date symlink: /home/susan/osprey_ws/install/drone_description/share/drone_description/cmake/drone_descriptionConfig.cmake
[0.762s] -- Up-to-date symlink: /home/susan/osprey_ws/install/drone_description/share/drone_description/cmake/drone_descriptionConfig-version.cmake
[0.763s] -- Up-to-date symlink: /home/susan/osprey_ws/install/drone_description/share/drone_description/package.xml
[0.768s] Invoked command in '/home/susan/osprey_ws/build/drone_description' returned '0': CMAKE_PREFIX_PATH=${CMAKE_PREFIX_PATH}:/home/susan/osprey_ws/install/vl53l8cx_ros:/home/susan/osprey_ws/install/px4_offboard:/opt/ros/humble /usr/bin/cmake --install /home/susan/osprey_ws/build/drone_description
