[0.560s] Invoking command in '/home/susan/osprey_ws/build/vl53l8cx_ros': PYTHONPATH=/home/susan/osprey_ws/build/vl53l8cx_ros/prefix_override:/usr/lib/python3/dist-packages/colcon_core/task/python/colcon_distutils_commands:/home/susan/osprey_ws/install/vl53l8cx_ros/lib/python3.10/site-packages:${PYTHONPATH} /usr/bin/python3 -W ignore:setup.py install is deprecated -W ignore:easy_install command is deprecated setup.py develop --editable --build-directory /home/susan/osprey_ws/build/vl53l8cx_ros/build --no-deps symlink_data
[0.685s] /home/susan/.local/lib/python3.10/site-packages/setuptools/_distutils/dist.py:289: UserWarning: Unknown distribution option: 'tests_require'
[0.685s]   warnings.warn(msg)
[0.803s] running develop
[0.944s] running egg_info
[0.954s] creating vl53l8cx_ros.egg-info
[0.954s] writing vl53l8cx_ros.egg-info/PKG-INFO
[0.954s] writing dependency_links to vl53l8cx_ros.egg-info/dependency_links.txt
[0.954s] writing entry points to vl53l8cx_ros.egg-info/entry_points.txt
[0.954s] writing requirements to vl53l8cx_ros.egg-info/requires.txt
[0.955s] writing top-level names to vl53l8cx_ros.egg-info/top_level.txt
[0.955s] writing manifest file 'vl53l8cx_ros.egg-info/SOURCES.txt'
[0.974s] reading manifest file 'vl53l8cx_ros.egg-info/SOURCES.txt'
[0.975s] writing manifest file 'vl53l8cx_ros.egg-info/SOURCES.txt'
[0.985s] running build_ext
[0.985s] Creating /home/susan/osprey_ws/install/vl53l8cx_ros/lib/python3.10/site-packages/vl53l8cx-ros.egg-link (link to .)
[0.986s] Installing depth_point_each script to /home/susan/osprey_ws/install/vl53l8cx_ros/lib/vl53l8cx_ros
[0.986s] Installing fused_sensors script to /home/susan/osprey_ws/install/vl53l8cx_ros/lib/vl53l8cx_ros
[0.986s] Installing px4_fused_sensors script to /home/susan/osprey_ws/install/vl53l8cx_ros/lib/vl53l8cx_ros
[0.986s] Installing sensor_each_pointcloud script to /home/susan/osprey_ws/install/vl53l8cx_ros/lib/vl53l8cx_ros
[0.986s] Installing vehicle_odom_to_nav_odom script to /home/susan/osprey_ws/install/vl53l8cx_ros/lib/vl53l8cx_ros
[0.986s] Installing vl53l8cx_pointcloud script to /home/susan/osprey_ws/install/vl53l8cx_ros/lib/vl53l8cx_ros
[0.986s] 
[0.986s] Installed /home/susan/osprey_ws/build/vl53l8cx_ros
[0.986s] running symlink_data
[0.986s] creating /home/susan/osprey_ws/install/vl53l8cx_ros/share/ament_index/resource_index/packages
[0.987s] symbolically linking /home/susan/osprey_ws/build/vl53l8cx_ros/resource/vl53l8cx_ros -> /home/susan/osprey_ws/install/vl53l8cx_ros/share/ament_index/resource_index/packages
[0.987s] symbolically linking /home/susan/osprey_ws/build/vl53l8cx_ros/package.xml -> /home/susan/osprey_ws/install/vl53l8cx_ros/share/vl53l8cx_ros
[0.987s] creating /home/susan/osprey_ws/install/vl53l8cx_ros/share/vl53l8cx_ros/msg
[0.987s] symbolically linking /home/susan/osprey_ws/build/vl53l8cx_ros/msg/MultiZoneRange.msg -> /home/susan/osprey_ws/install/vl53l8cx_ros/share/vl53l8cx_ros/msg
[1.014s] Invoked command in '/home/susan/osprey_ws/build/vl53l8cx_ros' returned '0': PYTHONPATH=/home/susan/osprey_ws/build/vl53l8cx_ros/prefix_override:/usr/lib/python3/dist-packages/colcon_core/task/python/colcon_distutils_commands:/home/susan/osprey_ws/install/vl53l8cx_ros/lib/python3.10/site-packages:${PYTHONPATH} /usr/bin/python3 -W ignore:setup.py install is deprecated -W ignore:easy_install command is deprecated setup.py develop --editable --build-directory /home/susan/osprey_ws/build/vl53l8cx_ros/build --no-deps symlink_data
