[0.595s] Invoking command in '/home/susan/osprey_ws/src/vl53l8cx_ros': PYTHONPATH=/home/susan/osprey_ws/build/vl53l8cx_ros/prefix_override:/usr/lib/python3/dist-packages/colcon_core/task/python/colcon_distutils_commands:/home/susan/osprey_ws/install/vl53l8cx_ros/lib/python3.10/site-packages:${PYTHONPATH} /usr/bin/python3 -W ignore:setup.py install is deprecated -W ignore:easy_install command is deprecated setup.py egg_info --egg-base ../../build/vl53l8cx_ros build --build-base /home/susan/osprey_ws/build/vl53l8cx_ros/build install --record /home/susan/osprey_ws/build/vl53l8cx_ros/install.log --single-version-externally-managed install_data
[0.696s] /home/susan/.local/lib/python3.10/site-packages/setuptools/_distutils/dist.py:289: UserWarning: Unknown distribution option: 'tests_require'
[0.696s]   warnings.warn(msg)
[0.749s] running egg_info
[0.758s] writing ../../build/vl53l8cx_ros/vl53l8cx_ros.egg-info/PKG-INFO
[0.758s] writing dependency_links to ../../build/vl53l8cx_ros/vl53l8cx_ros.egg-info/dependency_links.txt
[0.758s] writing entry points to ../../build/vl53l8cx_ros/vl53l8cx_ros.egg-info/entry_points.txt
[0.758s] writing requirements to ../../build/vl53l8cx_ros/vl53l8cx_ros.egg-info/requires.txt
[0.758s] writing top-level names to ../../build/vl53l8cx_ros/vl53l8cx_ros.egg-info/top_level.txt
[0.776s] reading manifest file '../../build/vl53l8cx_ros/vl53l8cx_ros.egg-info/SOURCES.txt'
[0.777s] writing manifest file '../../build/vl53l8cx_ros/vl53l8cx_ros.egg-info/SOURCES.txt'
[0.777s] running build
[0.777s] running build_py
[0.777s] copying vl53l8cx_ros/yaw_spin.py -> /home/susan/osprey_ws/build/vl53l8cx_ros/build/lib/vl53l8cx_ros
[0.777s] copying vl53l8cx_ros/control.py -> /home/susan/osprey_ws/build/vl53l8cx_ros/build/lib/vl53l8cx_ros
[0.777s] copying vl53l8cx_ros/__init__.py -> /home/susan/osprey_ws/build/vl53l8cx_ros/build/lib/vl53l8cx_ros
[0.778s] copying vl53l8cx_ros/visualizer.py -> /home/susan/osprey_ws/build/vl53l8cx_ros/build/lib/vl53l8cx_ros
[0.778s] copying vl53l8cx_ros/depth_point_each.py -> /home/susan/osprey_ws/build/vl53l8cx_ros/build/lib/vl53l8cx_ros
[0.778s] copying vl53l8cx_ros/processes.py -> /home/susan/osprey_ws/build/vl53l8cx_ros/build/lib/vl53l8cx_ros
[0.778s] copying vl53l8cx_ros/vl53l8cx_pointcloud.py -> /home/susan/osprey_ws/build/vl53l8cx_ros/build/lib/vl53l8cx_ros
[0.778s] copying vl53l8cx_ros/velocity_control.py -> /home/susan/osprey_ws/build/vl53l8cx_ros/build/lib/vl53l8cx_ros
[0.778s] copying vl53l8cx_ros/nav_odom_tf_broadcaster.py -> /home/susan/osprey_ws/build/vl53l8cx_ros/build/lib/vl53l8cx_ros
[0.778s] copying vl53l8cx_ros/sensor_each_pointcloud.py -> /home/susan/osprey_ws/build/vl53l8cx_ros/build/lib/vl53l8cx_ros
[0.778s] copying vl53l8cx_ros/px4_fused_sensors.py -> /home/susan/osprey_ws/build/vl53l8cx_ros/build/lib/vl53l8cx_ros
[0.778s] copying vl53l8cx_ros/fused_sensors.py -> /home/susan/osprey_ws/build/vl53l8cx_ros/build/lib/vl53l8cx_ros
[0.778s] running install
[0.781s] running install_lib
[0.790s] copying /home/susan/osprey_ws/build/vl53l8cx_ros/build/lib/vl53l8cx_ros/vl53l8cx_pointcloud.py -> /home/susan/osprey_ws/install/vl53l8cx_ros/lib/python3.10/site-packages/vl53l8cx_ros
[0.791s] byte-compiling /home/susan/osprey_ws/install/vl53l8cx_ros/lib/python3.10/site-packages/vl53l8cx_ros/vl53l8cx_pointcloud.py to vl53l8cx_pointcloud.cpython-310.pyc
[0.792s] running install_data
[0.792s] copying resource/vl53l8cx_ros -> /home/susan/osprey_ws/install/vl53l8cx_ros/share/ament_index/resource_index/packages
[0.792s] copying package.xml -> /home/susan/osprey_ws/install/vl53l8cx_ros/share/vl53l8cx_ros
[0.792s] copying launch/offboard_osprey_control.launch.py -> /home/susan/osprey_ws/install/vl53l8cx_ros/share/vl53l8cx_ros
[0.792s] copying msg/MultiZoneRange.msg -> /home/susan/osprey_ws/install/vl53l8cx_ros/share/vl53l8cx_ros/msg
[0.793s] running install_egg_info
[0.810s] removing '/home/susan/osprey_ws/install/vl53l8cx_ros/lib/python3.10/site-packages/vl53l8cx_ros-0.0.0-py3.10.egg-info' (and everything under it)
[0.810s] Copying ../../build/vl53l8cx_ros/vl53l8cx_ros.egg-info to /home/susan/osprey_ws/install/vl53l8cx_ros/lib/python3.10/site-packages/vl53l8cx_ros-0.0.0-py3.10.egg-info
[0.811s] running install_scripts
[0.885s] Installing control script to /home/susan/osprey_ws/install/vl53l8cx_ros/lib/vl53l8cx_ros
[0.886s] Installing depth_point_each script to /home/susan/osprey_ws/install/vl53l8cx_ros/lib/vl53l8cx_ros
[0.886s] Installing fused_sensors script to /home/susan/osprey_ws/install/vl53l8cx_ros/lib/vl53l8cx_ros
[0.886s] Installing nav_odom_tf_broadcaster script to /home/susan/osprey_ws/install/vl53l8cx_ros/lib/vl53l8cx_ros
[0.886s] Installing processes script to /home/susan/osprey_ws/install/vl53l8cx_ros/lib/vl53l8cx_ros
[0.886s] Installing px4_fused_sensors script to /home/susan/osprey_ws/install/vl53l8cx_ros/lib/vl53l8cx_ros
[0.886s] Installing sensor_each_pointcloud script to /home/susan/osprey_ws/install/vl53l8cx_ros/lib/vl53l8cx_ros
[0.886s] Installing vehicle_odom_to_nav_odom script to /home/susan/osprey_ws/install/vl53l8cx_ros/lib/vl53l8cx_ros
[0.886s] Installing velocity_control script to /home/susan/osprey_ws/install/vl53l8cx_ros/lib/vl53l8cx_ros
[0.886s] Installing visualizer script to /home/susan/osprey_ws/install/vl53l8cx_ros/lib/vl53l8cx_ros
[0.886s] Installing vl53l8cx_pointcloud script to /home/susan/osprey_ws/install/vl53l8cx_ros/lib/vl53l8cx_ros
[0.887s] Installing yaw_spin script to /home/susan/osprey_ws/install/vl53l8cx_ros/lib/vl53l8cx_ros
[0.887s] writing list of installed files to '/home/susan/osprey_ws/build/vl53l8cx_ros/install.log'
[0.906s] Invoked command in '/home/susan/osprey_ws/src/vl53l8cx_ros' returned '0': PYTHONPATH=/home/susan/osprey_ws/build/vl53l8cx_ros/prefix_override:/usr/lib/python3/dist-packages/colcon_core/task/python/colcon_distutils_commands:/home/susan/osprey_ws/install/vl53l8cx_ros/lib/python3.10/site-packages:${PYTHONPATH} /usr/bin/python3 -W ignore:setup.py install is deprecated -W ignore:easy_install command is deprecated setup.py egg_info --egg-base ../../build/vl53l8cx_ros build --build-base /home/susan/osprey_ws/build/vl53l8cx_ros/build install --record /home/susan/osprey_ws/build/vl53l8cx_ros/install.log --single-version-externally-managed install_data
