[0.058s] Invoking command in '/home/susan/osprey_ws/build/drone_description': CMAKE_PREFIX_PATH=${CMAKE_PREFIX_PATH}:/home/susan/osprey_ws/install/vl53l8cx_ros:/home/susan/osprey_ws/install/px4_offboard:/opt/ros/humble /usr/bin/cmake --build /home/susan/osprey_ws/build/drone_description -- -j16 -l16
[0.952s] Invoked command in '/home/susan/osprey_ws/build/drone_description' returned '0': CMAKE_PREFIX_PATH=${CMAKE_PREFIX_PATH}:/home/susan/osprey_ws/install/vl53l8cx_ros:/home/susan/osprey_ws/install/px4_offboard:/opt/ros/humble /usr/bin/cmake --build /home/susan/osprey_ws/build/drone_description -- -j16 -l16
[0.973s] Invoking command in '/home/susan/osprey_ws/build/drone_description': CMAKE_PREFIX_PATH=${CMAKE_PREFIX_PATH}:/home/susan/osprey_ws/install/vl53l8cx_ros:/home/susan/osprey_ws/install/px4_offboard:/opt/ros/humble /usr/bin/cmake --install /home/susan/osprey_ws/build/drone_description
[0.995s] -- Install configuration: ""
[0.997s] -- Execute custom install script
[0.998s] -- Up-to-date symlink: /home/susan/osprey_ws/install/drone_description/share/drone_description/urdf/PI_CAM/pi_cam.urdf.xacro
[0.998s] -- Up-to-date symlink: /home/susan/osprey_ws/install/drone_description/share/drone_description/urdf/_t265.gazebo.xacro
[0.999s] -- Up-to-date symlink: /home/susan/osprey_ws/install/drone_description/share/drone_description/urdf/_t265.urdf.xacro
[0.999s] -- Up-to-date symlink: /home/susan/osprey_ws/install/drone_description/share/drone_description/urdf/base1.urdf.xacro
[0.999s] -- Up-to-date symlink: /home/susan/osprey_ws/install/drone_description/share/drone_description/urdf/l515_urdf/_l515.urdf.xacro
[1.000s] -- Up-to-date symlink: /home/susan/osprey_ws/install/drone_description/share/drone_description/urdf/l515_urdf/_materials.urdf.xacro
[1.000s] -- Up-to-date symlink: /home/susan/osprey_ws/install/drone_description/share/drone_description/urdf/l515_urdf/_usb_plug.urdf.xacro
[1.000s] -- Up-to-date symlink: /home/susan/osprey_ws/install/drone_description/share/drone_description/urdf/osprey.urdf.xacro
[1.001s] -- Up-to-date symlink: /home/susan/osprey_ws/install/drone_description/share/drone_description/urdf/osprey_base.urdf.xacro
[1.001s] -- Up-to-date symlink: /home/susan/osprey_ws/install/drone_description/share/drone_description/urdf/osprey_sensors (copy).xacro
[1.002s] -- Up-to-date symlink: /home/susan/osprey_ws/install/drone_description/share/drone_description/urdf/osprey_sensors.urdf
[1.002s] -- Up-to-date symlink: /home/susan/osprey_ws/install/drone_description/share/drone_description/urdf/osprey_sensors.xacro
[1.002s] -- Up-to-date symlink: /home/susan/osprey_ws/install/drone_description/share/drone_description/worlds/drone_world.sdf
[1.003s] -- Up-to-date symlink: /home/susan/osprey_ws/install/drone_description/share/drone_description/launch/gazebo.launch.py
[1.003s] -- Up-to-date symlink: /home/susan/osprey_ws/install/drone_description/share/drone_description/launch/spawn_osprey.launch
[1.004s] -- Up-to-date symlink: /home/susan/osprey_ws/install/drone_description/share/drone_description/launch/spawn_osprey.launch.py
[1.004s] -- Up-to-date symlink: /home/susan/osprey_ws/install/drone_description/share/drone_description/launch/transform_launch.py
[1.005s] -- Up-to-date symlink: /home/susan/osprey_ws/install/drone_description/share/drone_description/meshes/final_product_urdf.dae
[1.005s] -- Up-to-date symlink: /home/susan/osprey_ws/install/drone_description/share/drone_description/meshes/final_product_urdf.stl
[1.005s] -- Up-to-date symlink: /home/susan/osprey_ws/install/drone_description/share/drone_description/meshes/hummingbird.dae
[1.005s] -- Up-to-date symlink: /home/susan/osprey_ws/install/drone_description/share/drone_description/meshes/l515.dae
[1.006s] -- Up-to-date symlink: /home/susan/osprey_ws/install/drone_description/share/drone_description/meshes/osprey_model_urdf.STL
[1.006s] -- Up-to-date symlink: /home/susan/osprey_ws/install/drone_description/share/drone_description/meshes/osprey_model_urdf.dae
[1.006s] -- Up-to-date symlink: /home/susan/osprey_ws/install/drone_description/share/drone_description/meshes/pi_cam.dae
[1.007s] -- Up-to-date symlink: /home/susan/osprey_ws/install/drone_description/share/drone_description/meshes/pi_cam.stl
[1.007s] -- Up-to-date symlink: /home/susan/osprey_ws/install/drone_description/share/drone_description/meshes/quadcopter_base.dae
[1.007s] -- Up-to-date symlink: /home/susan/osprey_ws/install/drone_description/share/drone_description/meshes/quadcopter_base.stl
[1.007s] -- Up-to-date symlink: /home/susan/osprey_ws/install/drone_description/share/drone_description/meshes/realsense_t265.stl
[1.008s] -- Up-to-date symlink: /home/susan/osprey_ws/install/drone_description/share/drone_description/meshes/t265_full.stl
[1.008s] -- Up-to-date symlink: /home/susan/osprey_ws/install/drone_description/share/drone_description/meshes/t265_simplified.stl
[1.009s] -- Up-to-date symlink: /home/susan/osprey_ws/install/drone_description/share/drone_description/meshes/vl53l8cx_carrier.STL
[1.009s] -- Up-to-date symlink: /home/susan/osprey_ws/install/drone_description/share/drone_description/meshes/vl53l8cx_carrier.dae
[1.010s] -- Up-to-date symlink: /home/susan/osprey_ws/install/drone_description/share/drone_description/rviz/osprey_config.rviz
[1.010s] -- Up-to-date symlink: /home/susan/osprey_ws/install/drone_description/share/ament_index/resource_index/package_run_dependencies/drone_description
[1.011s] -- Up-to-date symlink: /home/susan/osprey_ws/install/drone_description/share/ament_index/resource_index/parent_prefix_path/drone_description
[1.012s] -- Up-to-date symlink: /home/susan/osprey_ws/install/drone_description/share/drone_description/environment/ament_prefix_path.sh
[1.012s] -- Up-to-date symlink: /home/susan/osprey_ws/install/drone_description/share/drone_description/environment/ament_prefix_path.dsv
[1.013s] -- Up-to-date symlink: /home/susan/osprey_ws/install/drone_description/share/drone_description/environment/path.sh
[1.013s] -- Up-to-date symlink: /home/susan/osprey_ws/install/drone_description/share/drone_description/environment/path.dsv
[1.014s] -- Up-to-date symlink: /home/susan/osprey_ws/install/drone_description/share/drone_description/local_setup.bash
[1.014s] -- Up-to-date symlink: /home/susan/osprey_ws/install/drone_description/share/drone_description/local_setup.sh
[1.014s] -- Up-to-date symlink: /home/susan/osprey_ws/install/drone_description/share/drone_description/local_setup.zsh
[1.015s] -- Up-to-date symlink: /home/susan/osprey_ws/install/drone_description/share/drone_description/local_setup.dsv
[1.015s] -- Symlinking: /home/susan/osprey_ws/install/drone_description/share/drone_description/package.dsv
[1.029s] -- Up-to-date symlink: /home/susan/osprey_ws/install/drone_description/share/ament_index/resource_index/packages/drone_description
[1.029s] -- Up-to-date symlink: /home/susan/osprey_ws/install/drone_description/share/drone_description/cmake/drone_descriptionConfig.cmake
[1.030s] -- Up-to-date symlink: /home/susan/osprey_ws/install/drone_description/share/drone_description/cmake/drone_descriptionConfig-version.cmake
[1.030s] -- Up-to-date symlink: /home/susan/osprey_ws/install/drone_description/share/drone_description/package.xml
[1.035s] Invoked command in '/home/susan/osprey_ws/build/drone_description' returned '0': CMAKE_PREFIX_PATH=${CMAKE_PREFIX_PATH}:/home/susan/osprey_ws/install/vl53l8cx_ros:/home/susan/osprey_ws/install/px4_offboard:/opt/ros/humble /usr/bin/cmake --install /home/susan/osprey_ws/build/drone_description
