[2.005s] Invoking command in '/home/susan/osprey_ws/build/px4_offboard': PYTHONPATH=/home/susan/osprey_ws/build/px4_offboard/prefix_override:/usr/lib/python3/dist-packages/colcon_core/task/python/colcon_distutils_commands:/home/susan/osprey_ws/install/px4_offboard/lib/python3.10/site-packages:${PYTHONPATH} /usr/bin/python3 -W ignore:setup.py install is deprecated -W ignore:easy_install command is deprecated setup.py develop --uninstall --editable --build-directory /home/susan/osprey_ws/build/px4_offboard/build
[2.288s] /home/susan/.local/lib/python3.10/site-packages/setuptools/_distutils/dist.py:289: UserWarning: Unknown distribution option: 'tests_require'
[2.289s]   warnings.warn(msg)
[2.570s] running develop
[2.912s] Removing /home/susan/osprey_ws/install/px4_offboard/lib/python3.10/site-packages/px4-offboard.egg-link (link to .)
[2.993s] Invoked command in '/home/susan/osprey_ws/build/px4_offboard' returned '0': PYTHONPATH=/home/susan/osprey_ws/build/px4_offboard/prefix_override:/usr/lib/python3/dist-packages/colcon_core/task/python/colcon_distutils_commands:/home/susan/osprey_ws/install/px4_offboard/lib/python3.10/site-packages:${PYTHONPATH} /usr/bin/python3 -W ignore:setup.py install is deprecated -W ignore:easy_install command is deprecated setup.py develop --uninstall --editable --build-directory /home/susan/osprey_ws/build/px4_offboard/build
[2.996s] Invoking command in '/home/susan/osprey_ws/src/px4-offboard': PYTHONPATH=/home/susan/osprey_ws/build/px4_offboard/prefix_override:/usr/lib/python3/dist-packages/colcon_core/task/python/colcon_distutils_commands:/home/susan/osprey_ws/install/px4_offboard/lib/python3.10/site-packages:${PYTHONPATH} /usr/bin/python3 -W ignore:setup.py install is deprecated -W ignore:easy_install command is deprecated setup.py egg_info --egg-base ../../build/px4_offboard build --build-base /home/susan/osprey_ws/build/px4_offboard/build install --record /home/susan/osprey_ws/build/px4_offboard/install.log --single-version-externally-managed install_data --force
[3.314s] /home/susan/.local/lib/python3.10/site-packages/setuptools/_distutils/dist.py:289: UserWarning: Unknown distribution option: 'tests_require'
[3.314s]   warnings.warn(msg)
[3.470s] running egg_info
[3.486s] writing ../../build/px4_offboard/px4_offboard.egg-info/PKG-INFO
[3.487s] writing dependency_links to ../../build/px4_offboard/px4_offboard.egg-info/dependency_links.txt
[3.488s] writing entry points to ../../build/px4_offboard/px4_offboard.egg-info/entry_points.txt
[3.488s] writing requirements to ../../build/px4_offboard/px4_offboard.egg-info/requires.txt
[3.488s] writing top-level names to ../../build/px4_offboard/px4_offboard.egg-info/top_level.txt
[3.546s] reading manifest file '../../build/px4_offboard/px4_offboard.egg-info/SOURCES.txt'
[3.548s] adding license file 'LICENSE'
[3.552s] writing manifest file '../../build/px4_offboard/px4_offboard.egg-info/SOURCES.txt'
[3.553s] running build
[3.553s] running build_py
[3.554s] copying px4_offboard/__init__.py -> /home/susan/osprey_ws/build/px4_offboard/build/lib/px4_offboard
[3.555s] copying px4_offboard/visualizer.py -> /home/susan/osprey_ws/build/px4_offboard/build/lib/px4_offboard
[3.555s] copying px4_offboard/offboard_control.py -> /home/susan/osprey_ws/build/px4_offboard/build/lib/px4_offboard
[3.555s] running install
[3.561s] running install_lib
[3.584s] creating /home/susan/osprey_ws/install/px4_offboard/lib/python3.10/site-packages/px4_offboard
[3.584s] copying /home/susan/osprey_ws/build/px4_offboard/build/lib/px4_offboard/__init__.py -> /home/susan/osprey_ws/install/px4_offboard/lib/python3.10/site-packages/px4_offboard
[3.585s] copying /home/susan/osprey_ws/build/px4_offboard/build/lib/px4_offboard/visualizer.py -> /home/susan/osprey_ws/install/px4_offboard/lib/python3.10/site-packages/px4_offboard
[3.586s] copying /home/susan/osprey_ws/build/px4_offboard/build/lib/px4_offboard/offboard_control.py -> /home/susan/osprey_ws/install/px4_offboard/lib/python3.10/site-packages/px4_offboard
[3.588s] byte-compiling /home/susan/osprey_ws/install/px4_offboard/lib/python3.10/site-packages/px4_offboard/__init__.py to __init__.cpython-310.pyc
[3.589s] byte-compiling /home/susan/osprey_ws/install/px4_offboard/lib/python3.10/site-packages/px4_offboard/visualizer.py to visualizer.cpython-310.pyc
[3.593s] byte-compiling /home/susan/osprey_ws/install/px4_offboard/lib/python3.10/site-packages/px4_offboard/offboard_control.py to offboard_control.cpython-310.pyc
[3.594s] running install_data
[3.594s] copying resource/px4_offboard -> /home/susan/osprey_ws/install/px4_offboard/share/ament_index/resource_index/packages
[3.595s] copying resource/visualize.rviz -> /home/susan/osprey_ws/install/px4_offboard/share/ament_index/resource_index/packages
[3.596s] copying package.xml -> /home/susan/osprey_ws/install/px4_offboard/share/px4_offboard
[3.596s] copying launch/offboard_position_control.launch.py -> /home/susan/osprey_ws/install/px4_offboard/share/px4_offboard
[3.596s] copying launch/offboard_hardware_position_control.launch.py -> /home/susan/osprey_ws/install/px4_offboard/share/px4_offboard
[3.597s] copying launch/visualize.launch.py -> /home/susan/osprey_ws/install/px4_offboard/share/px4_offboard
[3.597s] copying resource/visualize.rviz -> /home/susan/osprey_ws/install/px4_offboard/share/px4_offboard
[3.597s] running install_egg_info
[3.619s] Copying ../../build/px4_offboard/px4_offboard.egg-info to /home/susan/osprey_ws/install/px4_offboard/lib/python3.10/site-packages/px4_offboard-0.0.0-py3.10.egg-info
[3.620s] running install_scripts
[3.868s] Installing offboard_control script to /home/susan/osprey_ws/install/px4_offboard/lib/px4_offboard
[3.869s] Installing visualizer script to /home/susan/osprey_ws/install/px4_offboard/lib/px4_offboard
[3.869s] writing list of installed files to '/home/susan/osprey_ws/build/px4_offboard/install.log'
[3.919s] Invoked command in '/home/susan/osprey_ws/src/px4-offboard' returned '0': PYTHONPATH=/home/susan/osprey_ws/build/px4_offboard/prefix_override:/usr/lib/python3/dist-packages/colcon_core/task/python/colcon_distutils_commands:/home/susan/osprey_ws/install/px4_offboard/lib/python3.10/site-packages:${PYTHONPATH} /usr/bin/python3 -W ignore:setup.py install is deprecated -W ignore:easy_install command is deprecated setup.py egg_info --egg-base ../../build/px4_offboard build --build-base /home/susan/osprey_ws/build/px4_offboard/build install --record /home/susan/osprey_ws/build/px4_offboard/install.log --single-version-externally-managed install_data --force
