[1.445s] Invoking command in '/home/susan/osprey_ws/src/px4-offboard': PYTHONPATH=/home/susan/osprey_ws/build/px4_offboard/prefix_override:/usr/lib/python3/dist-packages/colcon_core/task/python/colcon_distutils_commands:/home/susan/osprey_ws/install/px4_offboard/lib/python3.10/site-packages:${PYTHONPATH} /usr/bin/python3 -W ignore:setup.py install is deprecated -W ignore:easy_install command is deprecated setup.py egg_info --egg-base ../../build/px4_offboard build --build-base /home/susan/osprey_ws/build/px4_offboard/build install --record /home/susan/osprey_ws/build/px4_offboard/install.log --single-version-externally-managed install_data
[1.640s] /home/susan/.local/lib/python3.10/site-packages/setuptools/_distutils/dist.py:289: UserWarning: Unknown distribution option: 'tests_require'
[1.641s]   warnings.warn(msg)
[1.746s] running egg_info
[1.783s] writing ../../build/px4_offboard/px4_offboard.egg-info/PKG-INFO
[1.784s] writing dependency_links to ../../build/px4_offboard/px4_offboard.egg-info/dependency_links.txt
[1.784s] writing entry points to ../../build/px4_offboard/px4_offboard.egg-info/entry_points.txt
[1.785s] writing requirements to ../../build/px4_offboard/px4_offboard.egg-info/requires.txt
[1.785s] writing top-level names to ../../build/px4_offboard/px4_offboard.egg-info/top_level.txt
[1.843s] reading manifest file '../../build/px4_offboard/px4_offboard.egg-info/SOURCES.txt'
[1.844s] adding license file 'LICENSE'
[1.845s] writing manifest file '../../build/px4_offboard/px4_offboard.egg-info/SOURCES.txt'
[1.845s] running build
[1.845s] running build_py
[1.846s] copying px4_offboard/__init__.py -> /home/susan/osprey_ws/build/px4_offboard/build/lib/px4_offboard
[1.846s] copying px4_offboard/visualizer.py -> /home/susan/osprey_ws/build/px4_offboard/build/lib/px4_offboard
[1.846s] copying px4_offboard/offboard_control.py -> /home/susan/osprey_ws/build/px4_offboard/build/lib/px4_offboard
[1.847s] running install
[1.851s] running install_lib
[1.879s] running install_data
[1.879s] copying resource/px4_offboard -> /home/susan/osprey_ws/install/px4_offboard/share/ament_index/resource_index/packages
[1.880s] copying resource/visualize.rviz -> /home/susan/osprey_ws/install/px4_offboard/share/ament_index/resource_index/packages
[1.880s] copying package.xml -> /home/susan/osprey_ws/install/px4_offboard/share/px4_offboard
[1.880s] copying launch/offboard_position_control.launch.py -> /home/susan/osprey_ws/install/px4_offboard/share/px4_offboard
[1.881s] copying launch/offboard_hardware_position_control.launch.py -> /home/susan/osprey_ws/install/px4_offboard/share/px4_offboard
[1.881s] copying launch/visualize.launch.py -> /home/susan/osprey_ws/install/px4_offboard/share/px4_offboard
[1.881s] copying resource/visualize.rviz -> /home/susan/osprey_ws/install/px4_offboard/share/px4_offboard
[1.881s] running install_egg_info
[1.904s] removing '/home/susan/osprey_ws/install/px4_offboard/lib/python3.10/site-packages/px4_offboard-0.0.0-py3.10.egg-info' (and everything under it)
[1.905s] Copying ../../build/px4_offboard/px4_offboard.egg-info to /home/susan/osprey_ws/install/px4_offboard/lib/python3.10/site-packages/px4_offboard-0.0.0-py3.10.egg-info
[1.905s] running install_scripts
[2.057s] Installing offboard_control script to /home/susan/osprey_ws/install/px4_offboard/lib/px4_offboard
[2.057s] Installing visualizer script to /home/susan/osprey_ws/install/px4_offboard/lib/px4_offboard
[2.057s] writing list of installed files to '/home/susan/osprey_ws/build/px4_offboard/install.log'
[2.092s] Invoked command in '/home/susan/osprey_ws/src/px4-offboard' returned '0': PYTHONPATH=/home/susan/osprey_ws/build/px4_offboard/prefix_override:/usr/lib/python3/dist-packages/colcon_core/task/python/colcon_distutils_commands:/home/susan/osprey_ws/install/px4_offboard/lib/python3.10/site-packages:${PYTHONPATH} /usr/bin/python3 -W ignore:setup.py install is deprecated -W ignore:easy_install command is deprecated setup.py egg_info --egg-base ../../build/px4_offboard build --build-base /home/susan/osprey_ws/build/px4_offboard/build install --record /home/susan/osprey_ws/build/px4_offboard/install.log --single-version-externally-managed install_data
