[1.917s] Invoking command in '/home/susan/osprey_ws/build/px4_offboard': PYTHONPATH=/home/susan/osprey_ws/build/px4_offboard/prefix_override:/usr/lib/python3/dist-packages/colcon_core/task/python/colcon_distutils_commands:/home/susan/osprey_ws/install/px4_offboard/lib/python3.10/site-packages:${PYTHONPATH} /usr/bin/python3 -W ignore:setup.py install is deprecated -W ignore:easy_install command is deprecated setup.py develop --editable --build-directory /home/susan/osprey_ws/build/px4_offboard/build --no-deps symlink_data --force
[2.254s] /home/susan/.local/lib/python3.10/site-packages/setuptools/_distutils/dist.py:289: UserWarning: Unknown distribution option: 'tests_require'
[2.255s]   warnings.warn(msg)
[2.518s] running develop
[2.822s] running egg_info
[2.842s] writing px4_offboard.egg-info/PKG-INFO
[2.842s] writing dependency_links to px4_offboard.egg-info/dependency_links.txt
[2.843s] writing entry points to px4_offboard.egg-info/entry_points.txt
[2.843s] writing requirements to px4_offboard.egg-info/requires.txt
[2.843s] writing top-level names to px4_offboard.egg-info/top_level.txt
[2.899s] reading manifest file 'px4_offboard.egg-info/SOURCES.txt'
[2.902s] writing manifest file 'px4_offboard.egg-info/SOURCES.txt'
[2.934s] running build_ext
[2.934s] Creating /home/susan/osprey_ws/install/px4_offboard/lib/python3.10/site-packages/px4-offboard.egg-link (link to .)
[2.935s] Installing offboard_control script to /home/susan/osprey_ws/install/px4_offboard/lib/px4_offboard
[2.935s] Installing visualizer script to /home/susan/osprey_ws/install/px4_offboard/lib/px4_offboard
[2.935s] 
[2.935s] Installed /home/susan/osprey_ws/build/px4_offboard
[2.936s] running symlink_data
[2.937s] symbolically linking /home/susan/osprey_ws/build/px4_offboard/resource/px4_offboard -> /home/susan/osprey_ws/install/px4_offboard/share/ament_index/resource_index/packages
[2.937s] symbolically linking /home/susan/osprey_ws/build/px4_offboard/resource/visualize.rviz -> /home/susan/osprey_ws/install/px4_offboard/share/ament_index/resource_index/packages
[2.937s] symbolically linking /home/susan/osprey_ws/build/px4_offboard/package.xml -> /home/susan/osprey_ws/install/px4_offboard/share/px4_offboard
[2.938s] symbolically linking /home/susan/osprey_ws/build/px4_offboard/launch/offboard_position_control.launch.py -> /home/susan/osprey_ws/install/px4_offboard/share/px4_offboard
[2.938s] symbolically linking /home/susan/osprey_ws/build/px4_offboard/launch/offboard_hardware_position_control.launch.py -> /home/susan/osprey_ws/install/px4_offboard/share/px4_offboard
[2.938s] symbolically linking /home/susan/osprey_ws/build/px4_offboard/launch/visualize.launch.py -> /home/susan/osprey_ws/install/px4_offboard/share/px4_offboard
[2.938s] symbolically linking /home/susan/osprey_ws/build/px4_offboard/resource/visualize.rviz -> /home/susan/osprey_ws/install/px4_offboard/share/px4_offboard
[2.985s] Invoked command in '/home/susan/osprey_ws/build/px4_offboard' returned '0': PYTHONPATH=/home/susan/osprey_ws/build/px4_offboard/prefix_override:/usr/lib/python3/dist-packages/colcon_core/task/python/colcon_distutils_commands:/home/susan/osprey_ws/install/px4_offboard/lib/python3.10/site-packages:${PYTHONPATH} /usr/bin/python3 -W ignore:setup.py install is deprecated -W ignore:easy_install command is deprecated setup.py develop --editable --build-directory /home/susan/osprey_ws/build/px4_offboard/build --no-deps symlink_data --force
